<?xml version="1.0" encoding="UTF-8"?>
<testng-results skipped="0" failed="4" total="47" passed="43">
  <reporter-output>
  </reporter-output>
  <suite name="Command line suite" duration-ms="209158" started-at="2015-07-06T10:59:11Z" finished-at="2015-07-06T11:02:41Z">
    <groups>
    </groups>
    <test name="Command line test" duration-ms="209158" started-at="2015-07-06T10:59:11Z" finished-at="2015-07-06T11:02:41Z">
      <class name="unit.views.LifetimeViewNGTest">
        <test-method status="PASS" signature="testGetBackground()[pri:0, instance:unit.views.LifetimeViewNGTest@30b7c004]" name="testGetBackground" duration-ms="226" started-at="2015-07-06T12:59:11Z" finished-at="2015-07-06T12:59:12Z">
          <reporter-output>
          </reporter-output>
        </test-method> <!-- testGetBackground -->
        <test-method status="PASS" signature="testGetContent()[pri:0, instance:unit.views.LifetimeViewNGTest@30b7c004]" name="testGetContent" duration-ms="23" started-at="2015-07-06T12:59:12Z" finished-at="2015-07-06T12:59:12Z">
          <reporter-output>
          </reporter-output>
        </test-method> <!-- testGetContent -->
        <test-method status="PASS" signature="testGetLanguage()[pri:0, instance:unit.views.LifetimeViewNGTest@30b7c004]" name="testGetLanguage" duration-ms="15" started-at="2015-07-06T12:59:12Z" finished-at="2015-07-06T12:59:12Z">
          <reporter-output>
          </reporter-output>
        </test-method> <!-- testGetLanguage -->
        <test-method status="PASS" signature="testGetMenu()[pri:0, instance:unit.views.LifetimeViewNGTest@30b7c004]" name="testGetMenu" duration-ms="8" started-at="2015-07-06T12:59:12Z" finished-at="2015-07-06T12:59:12Z">
          <reporter-output>
          </reporter-output>
        </test-method> <!-- testGetMenu -->
      </class> <!-- unit.views.LifetimeViewNGTest -->
      <class name="views.register.RegisterViewUnitTest">
        <test-method status="PASS" signature="testCreateBackground()[pri:0, instance:views.register.RegisterViewUnitTest@d706f19]" name="testCreateBackground" duration-ms="68" started-at="2015-07-06T12:59:13Z" finished-at="2015-07-06T12:59:13Z">
          <reporter-output>
          </reporter-output>
        </test-method> <!-- testCreateBackground -->
        <test-method status="PASS" signature="testCreateContent()[pri:0, instance:views.register.RegisterViewUnitTest@d706f19]" name="testCreateContent" duration-ms="4" started-at="2015-07-06T12:59:13Z" finished-at="2015-07-06T12:59:13Z">
          <reporter-output>
          </reporter-output>
        </test-method> <!-- testCreateContent -->
        <test-method status="PASS" signature="testCreateMenu()[pri:0, instance:views.register.RegisterViewUnitTest@d706f19]" name="testCreateMenu" duration-ms="5" started-at="2015-07-06T12:59:13Z" finished-at="2015-07-06T12:59:13Z">
          <reporter-output>
          </reporter-output>
        </test-method> <!-- testCreateMenu -->
        <test-method status="PASS" signature="testGetContent()[pri:0, instance:views.register.RegisterViewUnitTest@d706f19]" name="testGetContent" duration-ms="3" started-at="2015-07-06T12:59:13Z" finished-at="2015-07-06T12:59:13Z">
          <reporter-output>
          </reporter-output>
        </test-method> <!-- testGetContent -->
      </class> <!-- views.register.RegisterViewUnitTest -->
      <class name="views.register.RegisterFormUnitNGTest">
        <test-method status="PASS" signature="testDefaultLanguageValueChange(java.lang.String, java.lang.String, java.lang.String, java.lang.String, java.lang.String, java.lang.String, java.util.Date)[pri:0, instance:views.register.RegisterFormUnitNGTest@65d6b83b]" name="testDefaultLanguageValueChange" duration-ms="32" started-at="2015-07-06T12:59:12Z" data-provider="positive" finished-at="2015-07-06T12:59:12Z">
          <params>
            <param index="0">
              <value>
                <![CDATA[português - pt]]>
              </value>
            </param>
            <param index="1">
              <value>
                <![CDATA[Alexandre 1]]>
              </value>
            </param>
            <param index="2">
              <value>
                <![CDATA[Zua Caldeira 1]]>
              </value>
            </param>
            <param index="3">
              <value>
                <![CDATA[zuacaldeira1@gmail.com]]>
              </value>
            </param>
            <param index="4">
              <value>
                <![CDATA[unicidade]]>
              </value>
            </param>
            <param index="5">
              <value>
                <![CDATA[unicidade]]>
              </value>
            </param>
            <param index="6">
              <value>
                <![CDATA[Sun Jan 20 12:59:12 CET 1974]]>
              </value>
            </param>
          </params>
          <reporter-output>
          </reporter-output>
        </test-method> <!-- testDefaultLanguageValueChange -->
        <test-method status="PASS" signature="testDefaultLanguageValueChange(java.lang.String, java.lang.String, java.lang.String, java.lang.String, java.lang.String, java.lang.String, java.util.Date)[pri:0, instance:views.register.RegisterFormUnitNGTest@65d6b83b]" name="testDefaultLanguageValueChange" duration-ms="12" started-at="2015-07-06T12:59:12Z" data-provider="positive" finished-at="2015-07-06T12:59:12Z">
          <params>
            <param index="0">
              <value>
                <![CDATA[english - en]]>
              </value>
            </param>
            <param index="1">
              <value>
                <![CDATA[Alexandre 2]]>
              </value>
            </param>
            <param index="2">
              <value>
                <![CDATA[Zua Caldeira 2]]>
              </value>
            </param>
            <param index="3">
              <value>
                <![CDATA[zuacaldeira2@gmail.com]]>
              </value>
            </param>
            <param index="4">
              <value>
                <![CDATA[unicidade]]>
              </value>
            </param>
            <param index="5">
              <value>
                <![CDATA[unicidade]]>
              </value>
            </param>
            <param index="6">
              <value>
                <![CDATA[Sun Jan 20 12:59:12 CET 1974]]>
              </value>
            </param>
          </params>
          <reporter-output>
          </reporter-output>
        </test-method> <!-- testDefaultLanguageValueChange -->
        <test-method status="PASS" signature="testDefaultLanguageValueChange(java.lang.String, java.lang.String, java.lang.String, java.lang.String, java.lang.String, java.lang.String, java.util.Date)[pri:0, instance:views.register.RegisterFormUnitNGTest@65d6b83b]" name="testDefaultLanguageValueChange" duration-ms="14" started-at="2015-07-06T12:59:12Z" data-provider="positive" finished-at="2015-07-06T12:59:12Z">
          <params>
            <param index="0">
              <value>
                <![CDATA[deutsch - de]]>
              </value>
            </param>
            <param index="1">
              <value>
                <![CDATA[Alexandre 3]]>
              </value>
            </param>
            <param index="2">
              <value>
                <![CDATA[Zua Caldeira 3]]>
              </value>
            </param>
            <param index="3">
              <value>
                <![CDATA[zuacaldeira3@gmail.com]]>
              </value>
            </param>
            <param index="4">
              <value>
                <![CDATA[unicidade]]>
              </value>
            </param>
            <param index="5">
              <value>
                <![CDATA[unicidade]]>
              </value>
            </param>
            <param index="6">
              <value>
                <![CDATA[Sun Jan 20 12:59:12 CET 1974]]>
              </value>
            </param>
          </params>
          <reporter-output>
          </reporter-output>
        </test-method> <!-- testDefaultLanguageValueChange -->
        <test-method status="PASS" signature="testFormAfterCreation()[pri:0, instance:views.register.RegisterFormUnitNGTest@65d6b83b]" name="testFormAfterCreation" duration-ms="7" started-at="2015-07-06T12:59:12Z" finished-at="2015-07-06T12:59:12Z">
          <reporter-output>
          </reporter-output>
        </test-method> <!-- testFormAfterCreation -->
        <test-method status="PASS" signature="testGetBirthDate(java.lang.String, java.lang.String, java.lang.String, java.lang.String, java.lang.String, java.lang.String, java.util.Date)[pri:0, instance:views.register.RegisterFormUnitNGTest@65d6b83b]" name="testGetBirthDate" duration-ms="11" started-at="2015-07-06T12:59:12Z" data-provider="positive" finished-at="2015-07-06T12:59:12Z">
          <params>
            <param index="0">
              <value>
                <![CDATA[português - pt]]>
              </value>
            </param>
            <param index="1">
              <value>
                <![CDATA[Alexandre 1]]>
              </value>
            </param>
            <param index="2">
              <value>
                <![CDATA[Zua Caldeira 1]]>
              </value>
            </param>
            <param index="3">
              <value>
                <![CDATA[zuacaldeira1@gmail.com]]>
              </value>
            </param>
            <param index="4">
              <value>
                <![CDATA[unicidade]]>
              </value>
            </param>
            <param index="5">
              <value>
                <![CDATA[unicidade]]>
              </value>
            </param>
            <param index="6">
              <value>
                <![CDATA[Sun Jan 20 12:59:12 CET 1974]]>
              </value>
            </param>
          </params>
          <reporter-output>
          </reporter-output>
        </test-method> <!-- testGetBirthDate -->
        <test-method status="PASS" signature="testGetBirthDate(java.lang.String, java.lang.String, java.lang.String, java.lang.String, java.lang.String, java.lang.String, java.util.Date)[pri:0, instance:views.register.RegisterFormUnitNGTest@65d6b83b]" name="testGetBirthDate" duration-ms="6" started-at="2015-07-06T12:59:12Z" data-provider="positive" finished-at="2015-07-06T12:59:12Z">
          <params>
            <param index="0">
              <value>
                <![CDATA[english - en]]>
              </value>
            </param>
            <param index="1">
              <value>
                <![CDATA[Alexandre 2]]>
              </value>
            </param>
            <param index="2">
              <value>
                <![CDATA[Zua Caldeira 2]]>
              </value>
            </param>
            <param index="3">
              <value>
                <![CDATA[zuacaldeira2@gmail.com]]>
              </value>
            </param>
            <param index="4">
              <value>
                <![CDATA[unicidade]]>
              </value>
            </param>
            <param index="5">
              <value>
                <![CDATA[unicidade]]>
              </value>
            </param>
            <param index="6">
              <value>
                <![CDATA[Sun Jan 20 12:59:12 CET 1974]]>
              </value>
            </param>
          </params>
          <reporter-output>
          </reporter-output>
        </test-method> <!-- testGetBirthDate -->
        <test-method status="PASS" signature="testGetBirthDate(java.lang.String, java.lang.String, java.lang.String, java.lang.String, java.lang.String, java.lang.String, java.util.Date)[pri:0, instance:views.register.RegisterFormUnitNGTest@65d6b83b]" name="testGetBirthDate" duration-ms="3" started-at="2015-07-06T12:59:12Z" data-provider="positive" finished-at="2015-07-06T12:59:12Z">
          <params>
            <param index="0">
              <value>
                <![CDATA[deutsch - de]]>
              </value>
            </param>
            <param index="1">
              <value>
                <![CDATA[Alexandre 3]]>
              </value>
            </param>
            <param index="2">
              <value>
                <![CDATA[Zua Caldeira 3]]>
              </value>
            </param>
            <param index="3">
              <value>
                <![CDATA[zuacaldeira3@gmail.com]]>
              </value>
            </param>
            <param index="4">
              <value>
                <![CDATA[unicidade]]>
              </value>
            </param>
            <param index="5">
              <value>
                <![CDATA[unicidade]]>
              </value>
            </param>
            <param index="6">
              <value>
                <![CDATA[Sun Jan 20 12:59:12 CET 1974]]>
              </value>
            </param>
          </params>
          <reporter-output>
          </reporter-output>
        </test-method> <!-- testGetBirthDate -->
        <test-method status="PASS" signature="testGetDefaultLanguage(java.lang.String, java.lang.String, java.lang.String, java.lang.String, java.lang.String, java.lang.String, java.util.Date)[pri:0, instance:views.register.RegisterFormUnitNGTest@65d6b83b]" name="testGetDefaultLanguage" duration-ms="7" started-at="2015-07-06T12:59:12Z" data-provider="positive" finished-at="2015-07-06T12:59:12Z">
          <params>
            <param index="0">
              <value>
                <![CDATA[português - pt]]>
              </value>
            </param>
            <param index="1">
              <value>
                <![CDATA[Alexandre 1]]>
              </value>
            </param>
            <param index="2">
              <value>
                <![CDATA[Zua Caldeira 1]]>
              </value>
            </param>
            <param index="3">
              <value>
                <![CDATA[zuacaldeira1@gmail.com]]>
              </value>
            </param>
            <param index="4">
              <value>
                <![CDATA[unicidade]]>
              </value>
            </param>
            <param index="5">
              <value>
                <![CDATA[unicidade]]>
              </value>
            </param>
            <param index="6">
              <value>
                <![CDATA[Sun Jan 20 12:59:12 CET 1974]]>
              </value>
            </param>
          </params>
          <reporter-output>
          </reporter-output>
        </test-method> <!-- testGetDefaultLanguage -->
        <test-method status="PASS" signature="testGetDefaultLanguage(java.lang.String, java.lang.String, java.lang.String, java.lang.String, java.lang.String, java.lang.String, java.util.Date)[pri:0, instance:views.register.RegisterFormUnitNGTest@65d6b83b]" name="testGetDefaultLanguage" duration-ms="4" started-at="2015-07-06T12:59:12Z" data-provider="positive" finished-at="2015-07-06T12:59:12Z">
          <params>
            <param index="0">
              <value>
                <![CDATA[english - en]]>
              </value>
            </param>
            <param index="1">
              <value>
                <![CDATA[Alexandre 2]]>
              </value>
            </param>
            <param index="2">
              <value>
                <![CDATA[Zua Caldeira 2]]>
              </value>
            </param>
            <param index="3">
              <value>
                <![CDATA[zuacaldeira2@gmail.com]]>
              </value>
            </param>
            <param index="4">
              <value>
                <![CDATA[unicidade]]>
              </value>
            </param>
            <param index="5">
              <value>
                <![CDATA[unicidade]]>
              </value>
            </param>
            <param index="6">
              <value>
                <![CDATA[Sun Jan 20 12:59:12 CET 1974]]>
              </value>
            </param>
          </params>
          <reporter-output>
          </reporter-output>
        </test-method> <!-- testGetDefaultLanguage -->
        <test-method status="PASS" signature="testGetDefaultLanguage(java.lang.String, java.lang.String, java.lang.String, java.lang.String, java.lang.String, java.lang.String, java.util.Date)[pri:0, instance:views.register.RegisterFormUnitNGTest@65d6b83b]" name="testGetDefaultLanguage" duration-ms="6" started-at="2015-07-06T12:59:12Z" data-provider="positive" finished-at="2015-07-06T12:59:13Z">
          <params>
            <param index="0">
              <value>
                <![CDATA[deutsch - de]]>
              </value>
            </param>
            <param index="1">
              <value>
                <![CDATA[Alexandre 3]]>
              </value>
            </param>
            <param index="2">
              <value>
                <![CDATA[Zua Caldeira 3]]>
              </value>
            </param>
            <param index="3">
              <value>
                <![CDATA[zuacaldeira3@gmail.com]]>
              </value>
            </param>
            <param index="4">
              <value>
                <![CDATA[unicidade]]>
              </value>
            </param>
            <param index="5">
              <value>
                <![CDATA[unicidade]]>
              </value>
            </param>
            <param index="6">
              <value>
                <![CDATA[Sun Jan 20 12:59:12 CET 1974]]>
              </value>
            </param>
          </params>
          <reporter-output>
          </reporter-output>
        </test-method> <!-- testGetDefaultLanguage -->
        <test-method status="PASS" signature="testGetEmail(java.lang.String, java.lang.String, java.lang.String, java.lang.String, java.lang.String, java.lang.String, java.util.Date)[pri:0, instance:views.register.RegisterFormUnitNGTest@65d6b83b]" name="testGetEmail" duration-ms="5" started-at="2015-07-06T12:59:13Z" data-provider="positive" finished-at="2015-07-06T12:59:13Z">
          <params>
            <param index="0">
              <value>
                <![CDATA[português - pt]]>
              </value>
            </param>
            <param index="1">
              <value>
                <![CDATA[Alexandre 1]]>
              </value>
            </param>
            <param index="2">
              <value>
                <![CDATA[Zua Caldeira 1]]>
              </value>
            </param>
            <param index="3">
              <value>
                <![CDATA[zuacaldeira1@gmail.com]]>
              </value>
            </param>
            <param index="4">
              <value>
                <![CDATA[unicidade]]>
              </value>
            </param>
            <param index="5">
              <value>
                <![CDATA[unicidade]]>
              </value>
            </param>
            <param index="6">
              <value>
                <![CDATA[Sun Jan 20 12:59:13 CET 1974]]>
              </value>
            </param>
          </params>
          <reporter-output>
          </reporter-output>
        </test-method> <!-- testGetEmail -->
        <test-method status="PASS" signature="testGetEmail(java.lang.String, java.lang.String, java.lang.String, java.lang.String, java.lang.String, java.lang.String, java.util.Date)[pri:0, instance:views.register.RegisterFormUnitNGTest@65d6b83b]" name="testGetEmail" duration-ms="3" started-at="2015-07-06T12:59:13Z" data-provider="positive" finished-at="2015-07-06T12:59:13Z">
          <params>
            <param index="0">
              <value>
                <![CDATA[english - en]]>
              </value>
            </param>
            <param index="1">
              <value>
                <![CDATA[Alexandre 2]]>
              </value>
            </param>
            <param index="2">
              <value>
                <![CDATA[Zua Caldeira 2]]>
              </value>
            </param>
            <param index="3">
              <value>
                <![CDATA[zuacaldeira2@gmail.com]]>
              </value>
            </param>
            <param index="4">
              <value>
                <![CDATA[unicidade]]>
              </value>
            </param>
            <param index="5">
              <value>
                <![CDATA[unicidade]]>
              </value>
            </param>
            <param index="6">
              <value>
                <![CDATA[Sun Jan 20 12:59:13 CET 1974]]>
              </value>
            </param>
          </params>
          <reporter-output>
          </reporter-output>
        </test-method> <!-- testGetEmail -->
        <test-method status="PASS" signature="testGetEmail(java.lang.String, java.lang.String, java.lang.String, java.lang.String, java.lang.String, java.lang.String, java.util.Date)[pri:0, instance:views.register.RegisterFormUnitNGTest@65d6b83b]" name="testGetEmail" duration-ms="3" started-at="2015-07-06T12:59:13Z" data-provider="positive" finished-at="2015-07-06T12:59:13Z">
          <params>
            <param index="0">
              <value>
                <![CDATA[deutsch - de]]>
              </value>
            </param>
            <param index="1">
              <value>
                <![CDATA[Alexandre 3]]>
              </value>
            </param>
            <param index="2">
              <value>
                <![CDATA[Zua Caldeira 3]]>
              </value>
            </param>
            <param index="3">
              <value>
                <![CDATA[zuacaldeira3@gmail.com]]>
              </value>
            </param>
            <param index="4">
              <value>
                <![CDATA[unicidade]]>
              </value>
            </param>
            <param index="5">
              <value>
                <![CDATA[unicidade]]>
              </value>
            </param>
            <param index="6">
              <value>
                <![CDATA[Sun Jan 20 12:59:13 CET 1974]]>
              </value>
            </param>
          </params>
          <reporter-output>
          </reporter-output>
        </test-method> <!-- testGetEmail -->
        <test-method status="PASS" signature="testGetFirstname(java.lang.String, java.lang.String, java.lang.String, java.lang.String, java.lang.String, java.lang.String, java.util.Date)[pri:0, instance:views.register.RegisterFormUnitNGTest@65d6b83b]" name="testGetFirstname" duration-ms="6" started-at="2015-07-06T12:59:13Z" data-provider="positive" finished-at="2015-07-06T12:59:13Z">
          <params>
            <param index="0">
              <value>
                <![CDATA[português - pt]]>
              </value>
            </param>
            <param index="1">
              <value>
                <![CDATA[Alexandre 1]]>
              </value>
            </param>
            <param index="2">
              <value>
                <![CDATA[Zua Caldeira 1]]>
              </value>
            </param>
            <param index="3">
              <value>
                <![CDATA[zuacaldeira1@gmail.com]]>
              </value>
            </param>
            <param index="4">
              <value>
                <![CDATA[unicidade]]>
              </value>
            </param>
            <param index="5">
              <value>
                <![CDATA[unicidade]]>
              </value>
            </param>
            <param index="6">
              <value>
                <![CDATA[Sun Jan 20 12:59:13 CET 1974]]>
              </value>
            </param>
          </params>
          <reporter-output>
          </reporter-output>
        </test-method> <!-- testGetFirstname -->
        <test-method status="PASS" signature="testGetFirstname(java.lang.String, java.lang.String, java.lang.String, java.lang.String, java.lang.String, java.lang.String, java.util.Date)[pri:0, instance:views.register.RegisterFormUnitNGTest@65d6b83b]" name="testGetFirstname" duration-ms="6" started-at="2015-07-06T12:59:13Z" data-provider="positive" finished-at="2015-07-06T12:59:13Z">
          <params>
            <param index="0">
              <value>
                <![CDATA[english - en]]>
              </value>
            </param>
            <param index="1">
              <value>
                <![CDATA[Alexandre 2]]>
              </value>
            </param>
            <param index="2">
              <value>
                <![CDATA[Zua Caldeira 2]]>
              </value>
            </param>
            <param index="3">
              <value>
                <![CDATA[zuacaldeira2@gmail.com]]>
              </value>
            </param>
            <param index="4">
              <value>
                <![CDATA[unicidade]]>
              </value>
            </param>
            <param index="5">
              <value>
                <![CDATA[unicidade]]>
              </value>
            </param>
            <param index="6">
              <value>
                <![CDATA[Sun Jan 20 12:59:13 CET 1974]]>
              </value>
            </param>
          </params>
          <reporter-output>
          </reporter-output>
        </test-method> <!-- testGetFirstname -->
        <test-method status="PASS" signature="testGetFirstname(java.lang.String, java.lang.String, java.lang.String, java.lang.String, java.lang.String, java.lang.String, java.util.Date)[pri:0, instance:views.register.RegisterFormUnitNGTest@65d6b83b]" name="testGetFirstname" duration-ms="4" started-at="2015-07-06T12:59:13Z" data-provider="positive" finished-at="2015-07-06T12:59:13Z">
          <params>
            <param index="0">
              <value>
                <![CDATA[deutsch - de]]>
              </value>
            </param>
            <param index="1">
              <value>
                <![CDATA[Alexandre 3]]>
              </value>
            </param>
            <param index="2">
              <value>
                <![CDATA[Zua Caldeira 3]]>
              </value>
            </param>
            <param index="3">
              <value>
                <![CDATA[zuacaldeira3@gmail.com]]>
              </value>
            </param>
            <param index="4">
              <value>
                <![CDATA[unicidade]]>
              </value>
            </param>
            <param index="5">
              <value>
                <![CDATA[unicidade]]>
              </value>
            </param>
            <param index="6">
              <value>
                <![CDATA[Sun Jan 20 12:59:13 CET 1974]]>
              </value>
            </param>
          </params>
          <reporter-output>
          </reporter-output>
        </test-method> <!-- testGetFirstname -->
        <test-method status="PASS" signature="testGetLastname(java.lang.String, java.lang.String, java.lang.String, java.lang.String, java.lang.String, java.lang.String, java.util.Date)[pri:0, instance:views.register.RegisterFormUnitNGTest@65d6b83b]" name="testGetLastname" duration-ms="7" started-at="2015-07-06T12:59:13Z" data-provider="positive" finished-at="2015-07-06T12:59:13Z">
          <params>
            <param index="0">
              <value>
                <![CDATA[português - pt]]>
              </value>
            </param>
            <param index="1">
              <value>
                <![CDATA[Alexandre 1]]>
              </value>
            </param>
            <param index="2">
              <value>
                <![CDATA[Zua Caldeira 1]]>
              </value>
            </param>
            <param index="3">
              <value>
                <![CDATA[zuacaldeira1@gmail.com]]>
              </value>
            </param>
            <param index="4">
              <value>
                <![CDATA[unicidade]]>
              </value>
            </param>
            <param index="5">
              <value>
                <![CDATA[unicidade]]>
              </value>
            </param>
            <param index="6">
              <value>
                <![CDATA[Sun Jan 20 12:59:13 CET 1974]]>
              </value>
            </param>
          </params>
          <reporter-output>
          </reporter-output>
        </test-method> <!-- testGetLastname -->
        <test-method status="PASS" signature="testGetLastname(java.lang.String, java.lang.String, java.lang.String, java.lang.String, java.lang.String, java.lang.String, java.util.Date)[pri:0, instance:views.register.RegisterFormUnitNGTest@65d6b83b]" name="testGetLastname" duration-ms="3" started-at="2015-07-06T12:59:13Z" data-provider="positive" finished-at="2015-07-06T12:59:13Z">
          <params>
            <param index="0">
              <value>
                <![CDATA[english - en]]>
              </value>
            </param>
            <param index="1">
              <value>
                <![CDATA[Alexandre 2]]>
              </value>
            </param>
            <param index="2">
              <value>
                <![CDATA[Zua Caldeira 2]]>
              </value>
            </param>
            <param index="3">
              <value>
                <![CDATA[zuacaldeira2@gmail.com]]>
              </value>
            </param>
            <param index="4">
              <value>
                <![CDATA[unicidade]]>
              </value>
            </param>
            <param index="5">
              <value>
                <![CDATA[unicidade]]>
              </value>
            </param>
            <param index="6">
              <value>
                <![CDATA[Sun Jan 20 12:59:13 CET 1974]]>
              </value>
            </param>
          </params>
          <reporter-output>
          </reporter-output>
        </test-method> <!-- testGetLastname -->
        <test-method status="PASS" signature="testGetLastname(java.lang.String, java.lang.String, java.lang.String, java.lang.String, java.lang.String, java.lang.String, java.util.Date)[pri:0, instance:views.register.RegisterFormUnitNGTest@65d6b83b]" name="testGetLastname" duration-ms="4" started-at="2015-07-06T12:59:13Z" data-provider="positive" finished-at="2015-07-06T12:59:13Z">
          <params>
            <param index="0">
              <value>
                <![CDATA[deutsch - de]]>
              </value>
            </param>
            <param index="1">
              <value>
                <![CDATA[Alexandre 3]]>
              </value>
            </param>
            <param index="2">
              <value>
                <![CDATA[Zua Caldeira 3]]>
              </value>
            </param>
            <param index="3">
              <value>
                <![CDATA[zuacaldeira3@gmail.com]]>
              </value>
            </param>
            <param index="4">
              <value>
                <![CDATA[unicidade]]>
              </value>
            </param>
            <param index="5">
              <value>
                <![CDATA[unicidade]]>
              </value>
            </param>
            <param index="6">
              <value>
                <![CDATA[Sun Jan 20 12:59:13 CET 1974]]>
              </value>
            </param>
          </params>
          <reporter-output>
          </reporter-output>
        </test-method> <!-- testGetLastname -->
        <test-method status="PASS" signature="testGetPassword(java.lang.String, java.lang.String, java.lang.String, java.lang.String, java.lang.String, java.lang.String, java.util.Date)[pri:0, instance:views.register.RegisterFormUnitNGTest@65d6b83b]" name="testGetPassword" duration-ms="2" started-at="2015-07-06T12:59:13Z" data-provider="positive" finished-at="2015-07-06T12:59:13Z">
          <params>
            <param index="0">
              <value>
                <![CDATA[português - pt]]>
              </value>
            </param>
            <param index="1">
              <value>
                <![CDATA[Alexandre 1]]>
              </value>
            </param>
            <param index="2">
              <value>
                <![CDATA[Zua Caldeira 1]]>
              </value>
            </param>
            <param index="3">
              <value>
                <![CDATA[zuacaldeira1@gmail.com]]>
              </value>
            </param>
            <param index="4">
              <value>
                <![CDATA[unicidade]]>
              </value>
            </param>
            <param index="5">
              <value>
                <![CDATA[unicidade]]>
              </value>
            </param>
            <param index="6">
              <value>
                <![CDATA[Sun Jan 20 12:59:13 CET 1974]]>
              </value>
            </param>
          </params>
          <reporter-output>
          </reporter-output>
        </test-method> <!-- testGetPassword -->
        <test-method status="PASS" signature="testGetPassword(java.lang.String, java.lang.String, java.lang.String, java.lang.String, java.lang.String, java.lang.String, java.util.Date)[pri:0, instance:views.register.RegisterFormUnitNGTest@65d6b83b]" name="testGetPassword" duration-ms="3" started-at="2015-07-06T12:59:13Z" data-provider="positive" finished-at="2015-07-06T12:59:13Z">
          <params>
            <param index="0">
              <value>
                <![CDATA[english - en]]>
              </value>
            </param>
            <param index="1">
              <value>
                <![CDATA[Alexandre 2]]>
              </value>
            </param>
            <param index="2">
              <value>
                <![CDATA[Zua Caldeira 2]]>
              </value>
            </param>
            <param index="3">
              <value>
                <![CDATA[zuacaldeira2@gmail.com]]>
              </value>
            </param>
            <param index="4">
              <value>
                <![CDATA[unicidade]]>
              </value>
            </param>
            <param index="5">
              <value>
                <![CDATA[unicidade]]>
              </value>
            </param>
            <param index="6">
              <value>
                <![CDATA[Sun Jan 20 12:59:13 CET 1974]]>
              </value>
            </param>
          </params>
          <reporter-output>
          </reporter-output>
        </test-method> <!-- testGetPassword -->
        <test-method status="PASS" signature="testGetPassword(java.lang.String, java.lang.String, java.lang.String, java.lang.String, java.lang.String, java.lang.String, java.util.Date)[pri:0, instance:views.register.RegisterFormUnitNGTest@65d6b83b]" name="testGetPassword" duration-ms="8" started-at="2015-07-06T12:59:13Z" data-provider="positive" finished-at="2015-07-06T12:59:13Z">
          <params>
            <param index="0">
              <value>
                <![CDATA[deutsch - de]]>
              </value>
            </param>
            <param index="1">
              <value>
                <![CDATA[Alexandre 3]]>
              </value>
            </param>
            <param index="2">
              <value>
                <![CDATA[Zua Caldeira 3]]>
              </value>
            </param>
            <param index="3">
              <value>
                <![CDATA[zuacaldeira3@gmail.com]]>
              </value>
            </param>
            <param index="4">
              <value>
                <![CDATA[unicidade]]>
              </value>
            </param>
            <param index="5">
              <value>
                <![CDATA[unicidade]]>
              </value>
            </param>
            <param index="6">
              <value>
                <![CDATA[Sun Jan 20 12:59:13 CET 1974]]>
              </value>
            </param>
          </params>
          <reporter-output>
          </reporter-output>
        </test-method> <!-- testGetPassword -->
        <test-method status="PASS" signature="testGetPasswordRepeat(java.lang.String, java.lang.String, java.lang.String, java.lang.String, java.lang.String, java.lang.String, java.util.Date)[pri:0, instance:views.register.RegisterFormUnitNGTest@65d6b83b]" name="testGetPasswordRepeat" duration-ms="5" started-at="2015-07-06T12:59:13Z" data-provider="positive" finished-at="2015-07-06T12:59:13Z">
          <params>
            <param index="0">
              <value>
                <![CDATA[português - pt]]>
              </value>
            </param>
            <param index="1">
              <value>
                <![CDATA[Alexandre 1]]>
              </value>
            </param>
            <param index="2">
              <value>
                <![CDATA[Zua Caldeira 1]]>
              </value>
            </param>
            <param index="3">
              <value>
                <![CDATA[zuacaldeira1@gmail.com]]>
              </value>
            </param>
            <param index="4">
              <value>
                <![CDATA[unicidade]]>
              </value>
            </param>
            <param index="5">
              <value>
                <![CDATA[unicidade]]>
              </value>
            </param>
            <param index="6">
              <value>
                <![CDATA[Sun Jan 20 12:59:13 CET 1974]]>
              </value>
            </param>
          </params>
          <reporter-output>
          </reporter-output>
        </test-method> <!-- testGetPasswordRepeat -->
        <test-method status="PASS" signature="testGetPasswordRepeat(java.lang.String, java.lang.String, java.lang.String, java.lang.String, java.lang.String, java.lang.String, java.util.Date)[pri:0, instance:views.register.RegisterFormUnitNGTest@65d6b83b]" name="testGetPasswordRepeat" duration-ms="3" started-at="2015-07-06T12:59:13Z" data-provider="positive" finished-at="2015-07-06T12:59:13Z">
          <params>
            <param index="0">
              <value>
                <![CDATA[english - en]]>
              </value>
            </param>
            <param index="1">
              <value>
                <![CDATA[Alexandre 2]]>
              </value>
            </param>
            <param index="2">
              <value>
                <![CDATA[Zua Caldeira 2]]>
              </value>
            </param>
            <param index="3">
              <value>
                <![CDATA[zuacaldeira2@gmail.com]]>
              </value>
            </param>
            <param index="4">
              <value>
                <![CDATA[unicidade]]>
              </value>
            </param>
            <param index="5">
              <value>
                <![CDATA[unicidade]]>
              </value>
            </param>
            <param index="6">
              <value>
                <![CDATA[Sun Jan 20 12:59:13 CET 1974]]>
              </value>
            </param>
          </params>
          <reporter-output>
          </reporter-output>
        </test-method> <!-- testGetPasswordRepeat -->
        <test-method status="PASS" signature="testGetPasswordRepeat(java.lang.String, java.lang.String, java.lang.String, java.lang.String, java.lang.String, java.lang.String, java.util.Date)[pri:0, instance:views.register.RegisterFormUnitNGTest@65d6b83b]" name="testGetPasswordRepeat" duration-ms="6" started-at="2015-07-06T12:59:13Z" data-provider="positive" finished-at="2015-07-06T12:59:13Z">
          <params>
            <param index="0">
              <value>
                <![CDATA[deutsch - de]]>
              </value>
            </param>
            <param index="1">
              <value>
                <![CDATA[Alexandre 3]]>
              </value>
            </param>
            <param index="2">
              <value>
                <![CDATA[Zua Caldeira 3]]>
              </value>
            </param>
            <param index="3">
              <value>
                <![CDATA[zuacaldeira3@gmail.com]]>
              </value>
            </param>
            <param index="4">
              <value>
                <![CDATA[unicidade]]>
              </value>
            </param>
            <param index="5">
              <value>
                <![CDATA[unicidade]]>
              </value>
            </param>
            <param index="6">
              <value>
                <![CDATA[Sun Jan 20 12:59:13 CET 1974]]>
              </value>
            </param>
          </params>
          <reporter-output>
          </reporter-output>
        </test-method> <!-- testGetPasswordRepeat -->
      </class> <!-- views.register.RegisterFormUnitNGTest -->
      <class name="views.welcome.WelcomeViewUnitTest">
        <test-method status="PASS" signature="testCreateBackground()[pri:0, instance:views.welcome.WelcomeViewUnitTest@79efed2d]" name="testCreateBackground" duration-ms="146" started-at="2015-07-06T13:02:40Z" finished-at="2015-07-06T13:02:41Z">
          <reporter-output>
          </reporter-output>
        </test-method> <!-- testCreateBackground -->
        <test-method status="PASS" signature="testCreateContentView()[pri:0, instance:views.welcome.WelcomeViewUnitTest@79efed2d]" name="testCreateContentView" duration-ms="3" started-at="2015-07-06T13:02:41Z" finished-at="2015-07-06T13:02:41Z">
          <reporter-output>
          </reporter-output>
        </test-method> <!-- testCreateContentView -->
        <test-method status="PASS" signature="testCreateMenuView()[pri:0, instance:views.welcome.WelcomeViewUnitTest@79efed2d]" name="testCreateMenuView" duration-ms="3" started-at="2015-07-06T13:02:41Z" finished-at="2015-07-06T13:02:41Z">
          <reporter-output>
          </reporter-output>
        </test-method> <!-- testCreateMenuView -->
      </class> <!-- views.welcome.WelcomeViewUnitTest -->
      <class name="views.welcome.WelcomeViewSeleniumTest">
        <test-method status="PASS" signature="setUpMethod()[pri:0, instance:views.welcome.WelcomeViewSeleniumTest@4fe767f3]" name="setUpMethod" is-config="true" duration-ms="28224" started-at="2015-07-06T12:59:13Z" finished-at="2015-07-06T12:59:41Z">
          <reporter-output>
          </reporter-output>
        </test-method> <!-- setUpMethod -->
        <test-method status="PASS" signature="testBackgroundExistence()[pri:0, instance:views.welcome.WelcomeViewSeleniumTest@4fe767f3]" name="testBackgroundExistence" duration-ms="22002" started-at="2015-07-06T12:59:41Z" finished-at="2015-07-06T13:00:03Z">
          <reporter-output>
          </reporter-output>
        </test-method> <!-- testBackgroundExistence -->
        <test-method status="PASS" signature="tearDownMethod()[pri:0, instance:views.welcome.WelcomeViewSeleniumTest@4fe767f3]" name="tearDownMethod" is-config="true" duration-ms="887" started-at="2015-07-06T13:00:03Z" finished-at="2015-07-06T13:00:04Z">
          <reporter-output>
          </reporter-output>
        </test-method> <!-- tearDownMethod -->
        <test-method status="PASS" signature="setUpMethod()[pri:0, instance:views.welcome.WelcomeViewSeleniumTest@4fe767f3]" name="setUpMethod" is-config="true" duration-ms="3756" started-at="2015-07-06T13:00:04Z" finished-at="2015-07-06T13:00:08Z">
          <reporter-output>
          </reporter-output>
        </test-method> <!-- setUpMethod -->
        <test-method status="FAIL" signature="testContactButton()[pri:0, instance:views.welcome.WelcomeViewSeleniumTest@4fe767f3]" name="testContactButton" duration-ms="14321" started-at="2015-07-06T13:00:08Z" finished-at="2015-07-06T13:00:22Z">
          <exception class="java.lang.AssertionError">
            <message>
              <![CDATA[expected [http://localhost:8080/vitae/contact] but found [http://localhost:8080/vitae/#!Contact]]]>
            </message>
            <full-stacktrace>
              <![CDATA[java.lang.AssertionError: expected [http://localhost:8080/vitae/contact] but found [http://localhost:8080/vitae/#!Contact]
	at org.testng.Assert.fail(Assert.java:94)
	at org.testng.Assert.failNotEquals(Assert.java:494)
	at org.testng.Assert.assertEquals(Assert.java:123)
	at org.testng.Assert.assertEquals(Assert.java:176)
	at org.testng.Assert.assertEquals(Assert.java:186)
	at views.welcome.WelcomeViewSeleniumTest.testContactButton(WelcomeViewSeleniumTest.java:103)
	at sun.reflect.NativeMethodAccessorImpl.invoke0(Native Method)
	at sun.reflect.NativeMethodAccessorImpl.invoke(NativeMethodAccessorImpl.java:62)
	at sun.reflect.DelegatingMethodAccessorImpl.invoke(DelegatingMethodAccessorImpl.java:43)
	at java.lang.reflect.Method.invoke(Method.java:497)
	at org.testng.internal.MethodInvocationHelper.invokeMethod(MethodInvocationHelper.java:84)
	at org.testng.internal.Invoker.invokeMethod(Invoker.java:714)
	at org.testng.internal.Invoker.invokeTestMethod(Invoker.java:901)
	at org.testng.internal.Invoker.invokeTestMethods(Invoker.java:1231)
	at org.testng.internal.TestMethodWorker.invokeTestMethods(TestMethodWorker.java:127)
	at org.testng.internal.TestMethodWorker.run(TestMethodWorker.java:111)
	at org.testng.TestRunner.privateRun(TestRunner.java:767)
	at org.testng.TestRunner.run(TestRunner.java:617)
	at org.testng.SuiteRunner.runTest(SuiteRunner.java:334)
	at org.testng.SuiteRunner.runSequentially(SuiteRunner.java:329)
	at org.testng.SuiteRunner.privateRun(SuiteRunner.java:291)
	at org.testng.SuiteRunner.run(SuiteRunner.java:240)
	at org.testng.SuiteRunnerWorker.runSuite(SuiteRunnerWorker.java:52)
	at org.testng.SuiteRunnerWorker.run(SuiteRunnerWorker.java:86)
	at org.testng.TestNG.runSuitesSequentially(TestNG.java:1224)
	at org.testng.TestNG.runSuitesLocally(TestNG.java:1149)
	at org.testng.TestNG.run(TestNG.java:1057)
	at org.apache.maven.surefire.testng.TestNGExecutor.run(TestNGExecutor.java:70)
	at org.apache.maven.surefire.testng.TestNGDirectoryTestSuite.executeMulti(TestNGDirectoryTestSuite.java:158)
	at org.apache.maven.surefire.testng.TestNGDirectoryTestSuite.execute(TestNGDirectoryTestSuite.java:98)
	at org.apache.maven.surefire.testng.TestNGProvider.invoke(TestNGProvider.java:111)
	at sun.reflect.NativeMethodAccessorImpl.invoke0(Native Method)
	at sun.reflect.NativeMethodAccessorImpl.invoke(NativeMethodAccessorImpl.java:62)
	at sun.reflect.DelegatingMethodAccessorImpl.invoke(DelegatingMethodAccessorImpl.java:43)
	at java.lang.reflect.Method.invoke(Method.java:497)
	at org.apache.maven.surefire.util.ReflectionUtils.invokeMethodWithArray(ReflectionUtils.java:164)
	at org.apache.maven.surefire.booter.ProviderFactory$ProviderProxy.invoke(ProviderFactory.java:110)
	at org.apache.maven.surefire.booter.SurefireStarter.invokeProvider(SurefireStarter.java:175)
	at org.apache.maven.surefire.booter.SurefireStarter.runSuitesInProcessWhenForked(SurefireStarter.java:107)
	at org.apache.maven.surefire.booter.ForkedBooter.main(ForkedBooter.java:68)
]]>
            </full-stacktrace>
          </exception> <!-- java.lang.AssertionError -->
          <reporter-output>
          </reporter-output>
        </test-method> <!-- testContactButton -->
        <test-method status="PASS" signature="tearDownMethod()[pri:0, instance:views.welcome.WelcomeViewSeleniumTest@4fe767f3]" name="tearDownMethod" is-config="true" duration-ms="925" started-at="2015-07-06T13:00:22Z" finished-at="2015-07-06T13:00:23Z">
          <reporter-output>
          </reporter-output>
        </test-method> <!-- tearDownMethod -->
        <test-method status="PASS" signature="setUpMethod()[pri:0, instance:views.welcome.WelcomeViewSeleniumTest@4fe767f3]" name="setUpMethod" is-config="true" duration-ms="5417" started-at="2015-07-06T13:00:23Z" finished-at="2015-07-06T13:00:28Z">
          <reporter-output>
          </reporter-output>
        </test-method> <!-- setUpMethod -->
        <test-method status="PASS" signature="testLoginButton(java.lang.String, java.lang.String)[pri:0, instance:views.welcome.WelcomeViewSeleniumTest@4fe767f3]" name="testLoginButton" duration-ms="78934" started-at="2015-07-06T13:00:28Z" data-provider="positive" finished-at="2015-07-06T13:01:47Z">
          <params>
            <param index="0">
              <value>
                <![CDATA[zuacaldeira1@gmail.com]]>
              </value>
            </param>
            <param index="1">
              <value>
                <![CDATA[unicidade]]>
              </value>
            </param>
          </params>
          <reporter-output>
          </reporter-output>
        </test-method> <!-- testLoginButton -->
        <test-method status="PASS" signature="tearDownMethod()[pri:0, instance:views.welcome.WelcomeViewSeleniumTest@4fe767f3]" name="tearDownMethod" is-config="true" duration-ms="813" started-at="2015-07-06T13:01:47Z" finished-at="2015-07-06T13:01:48Z">
          <reporter-output>
          </reporter-output>
        </test-method> <!-- tearDownMethod -->
        <test-method status="PASS" signature="setUpMethod()[pri:0, instance:views.welcome.WelcomeViewSeleniumTest@4fe767f3]" name="setUpMethod" is-config="true" duration-ms="3321" started-at="2015-07-06T13:01:48Z" finished-at="2015-07-06T13:01:51Z">
          <reporter-output>
          </reporter-output>
        </test-method> <!-- setUpMethod -->
        <test-method status="FAIL" signature="testRegisterButton(java.lang.String, java.lang.String, java.lang.String, java.lang.String, java.lang.String)[pri:0, instance:views.welcome.WelcomeViewSeleniumTest@4fe767f3]" name="testRegisterButton" duration-ms="14897" started-at="2015-07-06T13:01:51Z" data-provider="positive" finished-at="2015-07-06T13:02:06Z">
          <params>
            <param index="0">
              <value>
                <![CDATA[Alexandre 1]]>
              </value>
            </param>
            <param index="1">
              <value>
                <![CDATA[Zua Caldeira 1]]>
              </value>
            </param>
            <param index="2">
              <value>
                <![CDATA[zuacaldeira1@gmail.com]]>
              </value>
            </param>
            <param index="3">
              <value>
                <![CDATA[unicidade]]>
              </value>
            </param>
            <param index="4">
              <value>
                <![CDATA[unicidade]]>
              </value>
            </param>
          </params>
          <exception class="java.lang.AssertionError">
            <message>
              <![CDATA[expected [http://localhost:8080/vitae/register] but found [http://localhost:8080/vitae/#!Register]]]>
            </message>
            <full-stacktrace>
              <![CDATA[java.lang.AssertionError: expected [http://localhost:8080/vitae/register] but found [http://localhost:8080/vitae/#!Register]
	at org.testng.Assert.fail(Assert.java:94)
	at org.testng.Assert.failNotEquals(Assert.java:494)
	at org.testng.Assert.assertEquals(Assert.java:123)
	at org.testng.Assert.assertEquals(Assert.java:176)
	at org.testng.Assert.assertEquals(Assert.java:186)
	at views.welcome.WelcomeViewSeleniumTest.testRegisterButton(WelcomeViewSeleniumTest.java:73)
	at sun.reflect.NativeMethodAccessorImpl.invoke0(Native Method)
	at sun.reflect.NativeMethodAccessorImpl.invoke(NativeMethodAccessorImpl.java:62)
	at sun.reflect.DelegatingMethodAccessorImpl.invoke(DelegatingMethodAccessorImpl.java:43)
	at java.lang.reflect.Method.invoke(Method.java:497)
	at org.testng.internal.MethodInvocationHelper.invokeMethod(MethodInvocationHelper.java:84)
	at org.testng.internal.Invoker.invokeMethod(Invoker.java:714)
	at org.testng.internal.Invoker.invokeTestMethod(Invoker.java:901)
	at org.testng.internal.Invoker.invokeTestMethods(Invoker.java:1231)
	at org.testng.internal.TestMethodWorker.invokeTestMethods(TestMethodWorker.java:127)
	at org.testng.internal.TestMethodWorker.run(TestMethodWorker.java:111)
	at org.testng.TestRunner.privateRun(TestRunner.java:767)
	at org.testng.TestRunner.run(TestRunner.java:617)
	at org.testng.SuiteRunner.runTest(SuiteRunner.java:334)
	at org.testng.SuiteRunner.runSequentially(SuiteRunner.java:329)
	at org.testng.SuiteRunner.privateRun(SuiteRunner.java:291)
	at org.testng.SuiteRunner.run(SuiteRunner.java:240)
	at org.testng.SuiteRunnerWorker.runSuite(SuiteRunnerWorker.java:52)
	at org.testng.SuiteRunnerWorker.run(SuiteRunnerWorker.java:86)
	at org.testng.TestNG.runSuitesSequentially(TestNG.java:1224)
	at org.testng.TestNG.runSuitesLocally(TestNG.java:1149)
	at org.testng.TestNG.run(TestNG.java:1057)
	at org.apache.maven.surefire.testng.TestNGExecutor.run(TestNGExecutor.java:70)
	at org.apache.maven.surefire.testng.TestNGDirectoryTestSuite.executeMulti(TestNGDirectoryTestSuite.java:158)
	at org.apache.maven.surefire.testng.TestNGDirectoryTestSuite.execute(TestNGDirectoryTestSuite.java:98)
	at org.apache.maven.surefire.testng.TestNGProvider.invoke(TestNGProvider.java:111)
	at sun.reflect.NativeMethodAccessorImpl.invoke0(Native Method)
	at sun.reflect.NativeMethodAccessorImpl.invoke(NativeMethodAccessorImpl.java:62)
	at sun.reflect.DelegatingMethodAccessorImpl.invoke(DelegatingMethodAccessorImpl.java:43)
	at java.lang.reflect.Method.invoke(Method.java:497)
	at org.apache.maven.surefire.util.ReflectionUtils.invokeMethodWithArray(ReflectionUtils.java:164)
	at org.apache.maven.surefire.booter.ProviderFactory$ProviderProxy.invoke(ProviderFactory.java:110)
	at org.apache.maven.surefire.booter.SurefireStarter.invokeProvider(SurefireStarter.java:175)
	at org.apache.maven.surefire.booter.SurefireStarter.runSuitesInProcessWhenForked(SurefireStarter.java:107)
	at org.apache.maven.surefire.booter.ForkedBooter.main(ForkedBooter.java:68)
]]>
            </full-stacktrace>
          </exception> <!-- java.lang.AssertionError -->
          <reporter-output>
          </reporter-output>
        </test-method> <!-- testRegisterButton -->
        <test-method status="PASS" signature="tearDownMethod()[pri:0, instance:views.welcome.WelcomeViewSeleniumTest@4fe767f3]" name="tearDownMethod" is-config="true" duration-ms="846" started-at="2015-07-06T13:02:06Z" finished-at="2015-07-06T13:02:07Z">
          <reporter-output>
          </reporter-output>
        </test-method> <!-- tearDownMethod -->
        <test-method status="PASS" signature="setUpMethod()[pri:0, instance:views.welcome.WelcomeViewSeleniumTest@4fe767f3]" name="setUpMethod" is-config="true" duration-ms="2537" started-at="2015-07-06T13:02:07Z" finished-at="2015-07-06T13:02:10Z">
          <reporter-output>
          </reporter-output>
        </test-method> <!-- setUpMethod -->
        <test-method status="FAIL" signature="testRegisterButton(java.lang.String, java.lang.String, java.lang.String, java.lang.String, java.lang.String)[pri:0, instance:views.welcome.WelcomeViewSeleniumTest@4fe767f3]" name="testRegisterButton" duration-ms="13323" started-at="2015-07-06T13:02:10Z" data-provider="positive" finished-at="2015-07-06T13:02:23Z">
          <params>
            <param index="0">
              <value>
                <![CDATA[Alexandre 2]]>
              </value>
            </param>
            <param index="1">
              <value>
                <![CDATA[Zua Caldeira 2]]>
              </value>
            </param>
            <param index="2">
              <value>
                <![CDATA[zuacaldeira2@gmail.com]]>
              </value>
            </param>
            <param index="3">
              <value>
                <![CDATA[unicidade]]>
              </value>
            </param>
            <param index="4">
              <value>
                <![CDATA[unicidade]]>
              </value>
            </param>
          </params>
          <exception class="java.lang.AssertionError">
            <message>
              <![CDATA[expected [http://localhost:8080/vitae/register] but found [http://localhost:8080/vitae/#!Register]]]>
            </message>
            <full-stacktrace>
              <![CDATA[java.lang.AssertionError: expected [http://localhost:8080/vitae/register] but found [http://localhost:8080/vitae/#!Register]
	at org.testng.Assert.fail(Assert.java:94)
	at org.testng.Assert.failNotEquals(Assert.java:494)
	at org.testng.Assert.assertEquals(Assert.java:123)
	at org.testng.Assert.assertEquals(Assert.java:176)
	at org.testng.Assert.assertEquals(Assert.java:186)
	at views.welcome.WelcomeViewSeleniumTest.testRegisterButton(WelcomeViewSeleniumTest.java:73)
	at sun.reflect.NativeMethodAccessorImpl.invoke0(Native Method)
	at sun.reflect.NativeMethodAccessorImpl.invoke(NativeMethodAccessorImpl.java:62)
	at sun.reflect.DelegatingMethodAccessorImpl.invoke(DelegatingMethodAccessorImpl.java:43)
	at java.lang.reflect.Method.invoke(Method.java:497)
	at org.testng.internal.MethodInvocationHelper.invokeMethod(MethodInvocationHelper.java:84)
	at org.testng.internal.Invoker.invokeMethod(Invoker.java:714)
	at org.testng.internal.Invoker.invokeTestMethod(Invoker.java:901)
	at org.testng.internal.Invoker.invokeTestMethods(Invoker.java:1231)
	at org.testng.internal.TestMethodWorker.invokeTestMethods(TestMethodWorker.java:127)
	at org.testng.internal.TestMethodWorker.run(TestMethodWorker.java:111)
	at org.testng.TestRunner.privateRun(TestRunner.java:767)
	at org.testng.TestRunner.run(TestRunner.java:617)
	at org.testng.SuiteRunner.runTest(SuiteRunner.java:334)
	at org.testng.SuiteRunner.runSequentially(SuiteRunner.java:329)
	at org.testng.SuiteRunner.privateRun(SuiteRunner.java:291)
	at org.testng.SuiteRunner.run(SuiteRunner.java:240)
	at org.testng.SuiteRunnerWorker.runSuite(SuiteRunnerWorker.java:52)
	at org.testng.SuiteRunnerWorker.run(SuiteRunnerWorker.java:86)
	at org.testng.TestNG.runSuitesSequentially(TestNG.java:1224)
	at org.testng.TestNG.runSuitesLocally(TestNG.java:1149)
	at org.testng.TestNG.run(TestNG.java:1057)
	at org.apache.maven.surefire.testng.TestNGExecutor.run(TestNGExecutor.java:70)
	at org.apache.maven.surefire.testng.TestNGDirectoryTestSuite.executeMulti(TestNGDirectoryTestSuite.java:158)
	at org.apache.maven.surefire.testng.TestNGDirectoryTestSuite.execute(TestNGDirectoryTestSuite.java:98)
	at org.apache.maven.surefire.testng.TestNGProvider.invoke(TestNGProvider.java:111)
	at sun.reflect.NativeMethodAccessorImpl.invoke0(Native Method)
	at sun.reflect.NativeMethodAccessorImpl.invoke(NativeMethodAccessorImpl.java:62)
	at sun.reflect.DelegatingMethodAccessorImpl.invoke(DelegatingMethodAccessorImpl.java:43)
	at java.lang.reflect.Method.invoke(Method.java:497)
	at org.apache.maven.surefire.util.ReflectionUtils.invokeMethodWithArray(ReflectionUtils.java:164)
	at org.apache.maven.surefire.booter.ProviderFactory$ProviderProxy.invoke(ProviderFactory.java:110)
	at org.apache.maven.surefire.booter.SurefireStarter.invokeProvider(SurefireStarter.java:175)
	at org.apache.maven.surefire.booter.SurefireStarter.runSuitesInProcessWhenForked(SurefireStarter.java:107)
	at org.apache.maven.surefire.booter.ForkedBooter.main(ForkedBooter.java:68)
]]>
            </full-stacktrace>
          </exception> <!-- java.lang.AssertionError -->
          <reporter-output>
          </reporter-output>
        </test-method> <!-- testRegisterButton -->
        <test-method status="PASS" signature="tearDownMethod()[pri:0, instance:views.welcome.WelcomeViewSeleniumTest@4fe767f3]" name="tearDownMethod" is-config="true" duration-ms="728" started-at="2015-07-06T13:02:23Z" finished-at="2015-07-06T13:02:24Z">
          <reporter-output>
          </reporter-output>
        </test-method> <!-- tearDownMethod -->
        <test-method status="PASS" signature="setUpMethod()[pri:0, instance:views.welcome.WelcomeViewSeleniumTest@4fe767f3]" name="setUpMethod" is-config="true" duration-ms="3201" started-at="2015-07-06T13:02:24Z" finished-at="2015-07-06T13:02:27Z">
          <reporter-output>
          </reporter-output>
        </test-method> <!-- setUpMethod -->
        <test-method status="FAIL" signature="testRegisterButton(java.lang.String, java.lang.String, java.lang.String, java.lang.String, java.lang.String)[pri:0, instance:views.welcome.WelcomeViewSeleniumTest@4fe767f3]" name="testRegisterButton" duration-ms="12719" started-at="2015-07-06T13:02:27Z" data-provider="positive" finished-at="2015-07-06T13:02:40Z">
          <params>
            <param index="0">
              <value>
                <![CDATA[Alexandre 3]]>
              </value>
            </param>
            <param index="1">
              <value>
                <![CDATA[Zua Caldeira 3]]>
              </value>
            </param>
            <param index="2">
              <value>
                <![CDATA[zuacaldeira3@gmail.com]]>
              </value>
            </param>
            <param index="3">
              <value>
                <![CDATA[unicidade]]>
              </value>
            </param>
            <param index="4">
              <value>
                <![CDATA[unicidade]]>
              </value>
            </param>
          </params>
          <exception class="java.lang.AssertionError">
            <message>
              <![CDATA[expected [http://localhost:8080/vitae/register] but found [http://localhost:8080/vitae/#!Register]]]>
            </message>
            <full-stacktrace>
              <![CDATA[java.lang.AssertionError: expected [http://localhost:8080/vitae/register] but found [http://localhost:8080/vitae/#!Register]
	at org.testng.Assert.fail(Assert.java:94)
	at org.testng.Assert.failNotEquals(Assert.java:494)
	at org.testng.Assert.assertEquals(Assert.java:123)
	at org.testng.Assert.assertEquals(Assert.java:176)
	at org.testng.Assert.assertEquals(Assert.java:186)
	at views.welcome.WelcomeViewSeleniumTest.testRegisterButton(WelcomeViewSeleniumTest.java:73)
	at sun.reflect.NativeMethodAccessorImpl.invoke0(Native Method)
	at sun.reflect.NativeMethodAccessorImpl.invoke(NativeMethodAccessorImpl.java:62)
	at sun.reflect.DelegatingMethodAccessorImpl.invoke(DelegatingMethodAccessorImpl.java:43)
	at java.lang.reflect.Method.invoke(Method.java:497)
	at org.testng.internal.MethodInvocationHelper.invokeMethod(MethodInvocationHelper.java:84)
	at org.testng.internal.Invoker.invokeMethod(Invoker.java:714)
	at org.testng.internal.Invoker.invokeTestMethod(Invoker.java:901)
	at org.testng.internal.Invoker.invokeTestMethods(Invoker.java:1231)
	at org.testng.internal.TestMethodWorker.invokeTestMethods(TestMethodWorker.java:127)
	at org.testng.internal.TestMethodWorker.run(TestMethodWorker.java:111)
	at org.testng.TestRunner.privateRun(TestRunner.java:767)
	at org.testng.TestRunner.run(TestRunner.java:617)
	at org.testng.SuiteRunner.runTest(SuiteRunner.java:334)
	at org.testng.SuiteRunner.runSequentially(SuiteRunner.java:329)
	at org.testng.SuiteRunner.privateRun(SuiteRunner.java:291)
	at org.testng.SuiteRunner.run(SuiteRunner.java:240)
	at org.testng.SuiteRunnerWorker.runSuite(SuiteRunnerWorker.java:52)
	at org.testng.SuiteRunnerWorker.run(SuiteRunnerWorker.java:86)
	at org.testng.TestNG.runSuitesSequentially(TestNG.java:1224)
	at org.testng.TestNG.runSuitesLocally(TestNG.java:1149)
	at org.testng.TestNG.run(TestNG.java:1057)
	at org.apache.maven.surefire.testng.TestNGExecutor.run(TestNGExecutor.java:70)
	at org.apache.maven.surefire.testng.TestNGDirectoryTestSuite.executeMulti(TestNGDirectoryTestSuite.java:158)
	at org.apache.maven.surefire.testng.TestNGDirectoryTestSuite.execute(TestNGDirectoryTestSuite.java:98)
	at org.apache.maven.surefire.testng.TestNGProvider.invoke(TestNGProvider.java:111)
	at sun.reflect.NativeMethodAccessorImpl.invoke0(Native Method)
	at sun.reflect.NativeMethodAccessorImpl.invoke(NativeMethodAccessorImpl.java:62)
	at sun.reflect.DelegatingMethodAccessorImpl.invoke(DelegatingMethodAccessorImpl.java:43)
	at java.lang.reflect.Method.invoke(Method.java:497)
	at org.apache.maven.surefire.util.ReflectionUtils.invokeMethodWithArray(ReflectionUtils.java:164)
	at org.apache.maven.surefire.booter.ProviderFactory$ProviderProxy.invoke(ProviderFactory.java:110)
	at org.apache.maven.surefire.booter.SurefireStarter.invokeProvider(SurefireStarter.java:175)
	at org.apache.maven.surefire.booter.SurefireStarter.runSuitesInProcessWhenForked(SurefireStarter.java:107)
	at org.apache.maven.surefire.booter.ForkedBooter.main(ForkedBooter.java:68)
]]>
            </full-stacktrace>
          </exception> <!-- java.lang.AssertionError -->
          <reporter-output>
          </reporter-output>
        </test-method> <!-- testRegisterButton -->
        <test-method status="PASS" signature="tearDownMethod()[pri:0, instance:views.welcome.WelcomeViewSeleniumTest@4fe767f3]" name="tearDownMethod" is-config="true" duration-ms="773" started-at="2015-07-06T13:02:40Z" finished-at="2015-07-06T13:02:40Z">
          <reporter-output>
          </reporter-output>
        </test-method> <!-- tearDownMethod -->
      </class> <!-- views.welcome.WelcomeViewSeleniumTest -->
      <class name="views.register.RegisterContentUnitTest">
        <test-method status="PASS" signature="testSomeMethod()[pri:0, instance:views.register.RegisterContentUnitTest@27ae2fd0]" name="testSomeMethod" duration-ms="691" started-at="2015-07-06T12:59:12Z" finished-at="2015-07-06T12:59:12Z">
          <reporter-output>
          </reporter-output>
        </test-method> <!-- testSomeMethod -->
      </class> <!-- views.register.RegisterContentUnitTest -->
      <class name="views.welcome.WelcomeMenuUnitTest">
        <test-method status="PASS" signature="testGetContactButton()[pri:0, instance:views.welcome.WelcomeMenuUnitTest@2928854b]" name="testGetContactButton" duration-ms="36" started-at="2015-07-06T12:59:13Z" finished-at="2015-07-06T12:59:13Z">
          <reporter-output>
          </reporter-output>
        </test-method> <!-- testGetContactButton -->
        <test-method status="PASS" signature="testGetHomeButton()[pri:0, instance:views.welcome.WelcomeMenuUnitTest@2928854b]" name="testGetHomeButton" duration-ms="2" started-at="2015-07-06T12:59:13Z" finished-at="2015-07-06T12:59:13Z">
          <reporter-output>
          </reporter-output>
        </test-method> <!-- testGetHomeButton -->
        <test-method status="PASS" signature="testGetLoginButton()[pri:0, instance:views.welcome.WelcomeMenuUnitTest@2928854b]" name="testGetLoginButton" duration-ms="1" started-at="2015-07-06T12:59:13Z" finished-at="2015-07-06T12:59:13Z">
          <reporter-output>
          </reporter-output>
        </test-method> <!-- testGetLoginButton -->
        <test-method status="PASS" signature="testGetRegisterButton()[pri:0, instance:views.welcome.WelcomeMenuUnitTest@2928854b]" name="testGetRegisterButton" duration-ms="10" started-at="2015-07-06T12:59:13Z" finished-at="2015-07-06T12:59:13Z">
          <reporter-output>
          </reporter-output>
        </test-method> <!-- testGetRegisterButton -->
      </class> <!-- views.welcome.WelcomeMenuUnitTest -->
    </test> <!-- Command line test -->
  </suite> <!-- Command line suite -->
</testng-results>
