-------------------------------------------------------------------------------
Test set: TestSuite
-------------------------------------------------------------------------------
Tests run: 47, Failures: 4, Errors: 0, Skipped: 0, Time elapsed: 214.219 sec <<< FAILURE!
testContactButton(views.welcome.WelcomeViewSeleniumTest)  Time elapsed: 14.352 sec  <<< FAILURE!
java.lang.AssertionError: expected [http://localhost:8080/vitae/contact] but found [http://localhost:8080/vitae/#!Contact]
	at org.testng.Assert.fail(Assert.java:94)
	at org.testng.Assert.failNotEquals(Assert.java:494)
	at org.testng.Assert.assertEquals(Assert.java:123)
	at org.testng.Assert.assertEquals(Assert.java:176)
	at org.testng.Assert.assertEquals(Assert.java:186)
	at views.welcome.WelcomeViewSeleniumTest.testContactButton(WelcomeViewSeleniumTest.java:103)
testRegisterButton(views.welcome.WelcomeViewSeleniumTest)  Time elapsed: 14.918 sec  <<< FAILURE!
java.lang.AssertionError: expected [http://localhost:8080/vitae/register] but found [http://localhost:8080/vitae/#!Register]
	at org.testng.Assert.fail(Assert.java:94)
	at org.testng.Assert.failNotEquals(Assert.java:494)
	at org.testng.Assert.assertEquals(Assert.java:123)
	at org.testng.Assert.assertEquals(Assert.java:176)
	at org.testng.Assert.assertEquals(Assert.java:186)
	at views.welcome.WelcomeViewSeleniumTest.testRegisterButton(WelcomeViewSeleniumTest.java:73)
testRegisterButton(views.welcome.WelcomeViewSeleniumTest)  Time elapsed: 13.322 sec  <<< FAILURE!
java.lang.AssertionError: expected [http://localhost:8080/vitae/register] but found [http://localhost:8080/vitae/#!Register]
	at org.testng.Assert.fail(Assert.java:94)
	at org.testng.Assert.failNotEquals(Assert.java:494)
	at org.testng.Assert.assertEquals(Assert.java:123)
	at org.testng.Assert.assertEquals(Assert.java:176)
	at org.testng.Assert.assertEquals(Assert.java:186)
	at views.welcome.WelcomeViewSeleniumTest.testRegisterButton(WelcomeViewSeleniumTest.java:73)
testRegisterButton(views.welcome.WelcomeViewSeleniumTest)  Time elapsed: 12.721 sec  <<< FAILURE!
java.lang.AssertionError: expected [http://localhost:8080/vitae/register] but found [http://localhost:8080/vitae/#!Register]
	at org.testng.Assert.fail(Assert.java:94)
	at org.testng.Assert.failNotEquals(Assert.java:494)
	at org.testng.Assert.assertEquals(Assert.java:123)
	at org.testng.Assert.assertEquals(Assert.java:176)
	at org.testng.Assert.assertEquals(Assert.java:186)
	at views.welcome.WelcomeViewSeleniumTest.testRegisterButton(WelcomeViewSeleniumTest.java:73)
