<?xml version="1.0" encoding="UTF-8"?>
<!-- Generated by org.testng.reporters.JUnitXMLReporter -->
<testsuite hostname="alexandsmacbook.home" name="Command line test" tests="47" failures="4" timestamp="6 Jul 2015 11:02:41 GMT" time="209.158" errors="0">
  <testcase name="testGetBackground" time="0.226" classname="unit.views.LifetimeViewNGTest"/>
  <testcase name="testGetContent" time="0.023" classname="unit.views.LifetimeViewNGTest"/>
  <testcase name="testGetLanguage" time="0.015" classname="unit.views.LifetimeViewNGTest"/>
  <testcase name="testGetMenu" time="0.008" classname="unit.views.LifetimeViewNGTest"/>
  <testcase name="testSomeMethod" time="0.691" classname="views.register.RegisterContentUnitTest"/>
  <testcase name="testDefaultLanguageValueChange" time="0.032" classname="views.register.RegisterFormUnitNGTest"/>
  <testcase name="testDefaultLanguageValueChange" time="0.012" classname="views.register.RegisterFormUnitNGTest"/>
  <testcase name="testDefaultLanguageValueChange" time="0.014" classname="views.register.RegisterFormUnitNGTest"/>
  <testcase name="testFormAfterCreation" time="0.007" classname="views.register.RegisterFormUnitNGTest"/>
  <testcase name="testGetBirthDate" time="0.011" classname="views.register.RegisterFormUnitNGTest"/>
  <testcase name="testGetBirthDate" time="0.006" classname="views.register.RegisterFormUnitNGTest"/>
  <testcase name="testGetBirthDate" time="0.003" classname="views.register.RegisterFormUnitNGTest"/>
  <testcase name="testGetDefaultLanguage" time="0.007" classname="views.register.RegisterFormUnitNGTest"/>
  <testcase name="testGetDefaultLanguage" time="0.004" classname="views.register.RegisterFormUnitNGTest"/>
  <testcase name="testGetDefaultLanguage" time="0.006" classname="views.register.RegisterFormUnitNGTest"/>
  <testcase name="testGetEmail" time="0.005" classname="views.register.RegisterFormUnitNGTest"/>
  <testcase name="testGetEmail" time="0.003" classname="views.register.RegisterFormUnitNGTest"/>
  <testcase name="testGetEmail" time="0.003" classname="views.register.RegisterFormUnitNGTest"/>
  <testcase name="testGetFirstname" time="0.006" classname="views.register.RegisterFormUnitNGTest"/>
  <testcase name="testGetFirstname" time="0.006" classname="views.register.RegisterFormUnitNGTest"/>
  <testcase name="testGetFirstname" time="0.004" classname="views.register.RegisterFormUnitNGTest"/>
  <testcase name="testGetLastname" time="0.007" classname="views.register.RegisterFormUnitNGTest"/>
  <testcase name="testGetLastname" time="0.003" classname="views.register.RegisterFormUnitNGTest"/>
  <testcase name="testGetLastname" time="0.004" classname="views.register.RegisterFormUnitNGTest"/>
  <testcase name="testGetPassword" time="0.002" classname="views.register.RegisterFormUnitNGTest"/>
  <testcase name="testGetPassword" time="0.003" classname="views.register.RegisterFormUnitNGTest"/>
  <testcase name="testGetPassword" time="0.008" classname="views.register.RegisterFormUnitNGTest"/>
  <testcase name="testGetPasswordRepeat" time="0.005" classname="views.register.RegisterFormUnitNGTest"/>
  <testcase name="testGetPasswordRepeat" time="0.003" classname="views.register.RegisterFormUnitNGTest"/>
  <testcase name="testGetPasswordRepeat" time="0.006" classname="views.register.RegisterFormUnitNGTest"/>
  <testcase name="testCreateBackground" time="0.068" classname="views.register.RegisterViewUnitTest"/>
  <testcase name="testCreateContent" time="0.004" classname="views.register.RegisterViewUnitTest"/>
  <testcase name="testCreateMenu" time="0.005" classname="views.register.RegisterViewUnitTest"/>
  <testcase name="testGetContent" time="0.003" classname="views.register.RegisterViewUnitTest"/>
  <testcase name="testGetContactButton" time="0.036" classname="views.welcome.WelcomeMenuUnitTest"/>
  <testcase name="testGetHomeButton" time="0.002" classname="views.welcome.WelcomeMenuUnitTest"/>
  <testcase name="testGetLoginButton" time="0.001" classname="views.welcome.WelcomeMenuUnitTest"/>
  <testcase name="testGetRegisterButton" time="0.01" classname="views.welcome.WelcomeMenuUnitTest"/>
  <testcase name="testBackgroundExistence" time="22.002" classname="views.welcome.WelcomeViewSeleniumTest"/>
  <testcase name="testContactButton" time="14.321" classname="views.welcome.WelcomeViewSeleniumTest">
    <failure type="java.lang.AssertionError" message="expected [http://localhost:8080/vitae/contact] but found [http://localhost:8080/vitae/#!Contact]">
      <![CDATA[java.lang.AssertionError: expected [http://localhost:8080/vitae/contact] but found [http://localhost:8080/vitae/#!Contact]
	at views.welcome.WelcomeViewSeleniumTest.testContactButton(WelcomeViewSeleniumTest.java:103)
... Removed 39 stack frames]]>
    </failure>
  </testcase> <!-- testContactButton -->
  <testcase name="testLoginButton" time="78.934" classname="views.welcome.WelcomeViewSeleniumTest"/>
  <testcase name="testRegisterButton" time="14.897" classname="views.welcome.WelcomeViewSeleniumTest">
    <failure type="java.lang.AssertionError" message="expected [http://localhost:8080/vitae/register] but found [http://localhost:8080/vitae/#!Register]">
      <![CDATA[java.lang.AssertionError: expected [http://localhost:8080/vitae/register] but found [http://localhost:8080/vitae/#!Register]
	at views.welcome.WelcomeViewSeleniumTest.testRegisterButton(WelcomeViewSeleniumTest.java:73)
... Removed 39 stack frames]]>
    </failure>
  </testcase> <!-- testRegisterButton -->
  <testcase name="testRegisterButton" time="13.323" classname="views.welcome.WelcomeViewSeleniumTest">
    <failure type="java.lang.AssertionError" message="expected [http://localhost:8080/vitae/register] but found [http://localhost:8080/vitae/#!Register]">
      <![CDATA[java.lang.AssertionError: expected [http://localhost:8080/vitae/register] but found [http://localhost:8080/vitae/#!Register]
	at views.welcome.WelcomeViewSeleniumTest.testRegisterButton(WelcomeViewSeleniumTest.java:73)
... Removed 39 stack frames]]>
    </failure>
  </testcase> <!-- testRegisterButton -->
  <testcase name="testRegisterButton" time="12.719" classname="views.welcome.WelcomeViewSeleniumTest">
    <failure type="java.lang.AssertionError" message="expected [http://localhost:8080/vitae/register] but found [http://localhost:8080/vitae/#!Register]">
      <![CDATA[java.lang.AssertionError: expected [http://localhost:8080/vitae/register] but found [http://localhost:8080/vitae/#!Register]
	at views.welcome.WelcomeViewSeleniumTest.testRegisterButton(WelcomeViewSeleniumTest.java:73)
... Removed 39 stack frames]]>
    </failure>
  </testcase> <!-- testRegisterButton -->
  <testcase name="testCreateBackground" time="0.146" classname="views.welcome.WelcomeViewUnitTest"/>
  <testcase name="testCreateContentView" time="0.003" classname="views.welcome.WelcomeViewUnitTest"/>
  <testcase name="testCreateMenuView" time="0.003" classname="views.welcome.WelcomeViewUnitTest"/>
</testsuite> <!-- Command line test -->
