<html>
<head>
<title>TestNG:  Command line test</title>
<link href="../testng.css" rel="stylesheet" type="text/css" />
<link href="../my-testng.css" rel="stylesheet" type="text/css" />

<style type="text/css">
.log { display: none;} 
.stack-trace { display: none;} 
</style>
<script type="text/javascript">
<!--
function flip(e) {
  current = e.style.display;
  if (current == 'block') {
    e.style.display = 'none';
    return 0;
  }
  else {
    e.style.display = 'block';
    return 1;
  }
}

function toggleBox(szDivId, elem, msg1, msg2)
{
  var res = -1;  if (document.getElementById) {
    res = flip(document.getElementById(szDivId));
  }
  else if (document.all) {
    // this is the way old msie versions work
    res = flip(document.all[szDivId]);
  }
  if(elem) {
    if(res == 0) elem.innerHTML = msg1; else elem.innerHTML = msg2;
  }

}

function toggleAllBoxes() {
  if (document.getElementsByTagName) {
    d = document.getElementsByTagName('div');
    for (i = 0; i < d.length; i++) {
      if (d[i].className == 'log') {
        flip(d[i]);
      }
    }
  }
}

// -->
</script>

</head>
<body>
<h2 align='center'>Command line test</h2><table border='1' align="center">
<tr>
<td>Tests passed/Failed/Skipped:</td><td>43/4/0</td>
</tr><tr>
<td>Started on:</td><td>Mon Jul 06 12:59:11 CEST 2015</td>
</tr>
<tr><td>Total time:</td><td>209 seconds (209158 ms)</td>
</tr><tr>
<td>Included groups:</td><td></td>
</tr><tr>
<td>Excluded groups:</td><td></td>
</tr>
</table><p/>
<small><i>(Hover the method name to see the test class name)</i></small><p/>
<table width='100%' border='1' class='invocation-failed'>
<tr><td colspan='4' align='center'><b>FAILED TESTS</b></td></tr>
<tr><td><b>Test method</b></td>
<td width="30%"><b>Exception</b></td>
<td width="10%"><b>Time (seconds)</b></td>
<td><b>Instance</b></td>
</tr>
<tr>
<td title='views.welcome.WelcomeViewSeleniumTest.testContactButton()'><b>testContactButton</b><br>Test class: views.welcome.WelcomeViewSeleniumTest</td>
<td><div><pre>java.lang.AssertionError: expected [http://localhost:8080/vitae/contact] but found [http://localhost:8080/vitae/#!Contact]
	at views.welcome.WelcomeViewSeleniumTest.testContactButton(WelcomeViewSeleniumTest.java:103)
... Removed 39 stack frames</pre></div><a href='#' onClick='toggleBox("stack-trace1280603381", this, "Click to show all stack frames", "Click to hide stack frames")'>Click to show all stack frames</a>
<div class='stack-trace' id='stack-trace1280603381'><pre>java.lang.AssertionError: expected [http://localhost:8080/vitae/contact] but found [http://localhost:8080/vitae/#!Contact]
	at org.testng.Assert.fail(Assert.java:94)
	at org.testng.Assert.failNotEquals(Assert.java:494)
	at org.testng.Assert.assertEquals(Assert.java:123)
	at org.testng.Assert.assertEquals(Assert.java:176)
	at org.testng.Assert.assertEquals(Assert.java:186)
	at views.welcome.WelcomeViewSeleniumTest.testContactButton(WelcomeViewSeleniumTest.java:103)
	at sun.reflect.NativeMethodAccessorImpl.invoke0(Native Method)
	at sun.reflect.NativeMethodAccessorImpl.invoke(NativeMethodAccessorImpl.java:62)
	at sun.reflect.DelegatingMethodAccessorImpl.invoke(DelegatingMethodAccessorImpl.java:43)
	at java.lang.reflect.Method.invoke(Method.java:497)
	at org.testng.internal.MethodInvocationHelper.invokeMethod(MethodInvocationHelper.java:84)
	at org.testng.internal.Invoker.invokeMethod(Invoker.java:714)
	at org.testng.internal.Invoker.invokeTestMethod(Invoker.java:901)
	at org.testng.internal.Invoker.invokeTestMethods(Invoker.java:1231)
	at org.testng.internal.TestMethodWorker.invokeTestMethods(TestMethodWorker.java:127)
	at org.testng.internal.TestMethodWorker.run(TestMethodWorker.java:111)
	at org.testng.TestRunner.privateRun(TestRunner.java:767)
	at org.testng.TestRunner.run(TestRunner.java:617)
	at org.testng.SuiteRunner.runTest(SuiteRunner.java:334)
	at org.testng.SuiteRunner.runSequentially(SuiteRunner.java:329)
	at org.testng.SuiteRunner.privateRun(SuiteRunner.java:291)
	at org.testng.SuiteRunner.run(SuiteRunner.java:240)
	at org.testng.SuiteRunnerWorker.runSuite(SuiteRunnerWorker.java:52)
	at org.testng.SuiteRunnerWorker.run(SuiteRunnerWorker.java:86)
	at org.testng.TestNG.runSuitesSequentially(TestNG.java:1224)
	at org.testng.TestNG.runSuitesLocally(TestNG.java:1149)
	at org.testng.TestNG.run(TestNG.java:1057)
	at org.apache.maven.surefire.testng.TestNGExecutor.run(TestNGExecutor.java:70)
	at org.apache.maven.surefire.testng.TestNGDirectoryTestSuite.executeMulti(TestNGDirectoryTestSuite.java:158)
	at org.apache.maven.surefire.testng.TestNGDirectoryTestSuite.execute(TestNGDirectoryTestSuite.java:98)
	at org.apache.maven.surefire.testng.TestNGProvider.invoke(TestNGProvider.java:111)
	at sun.reflect.NativeMethodAccessorImpl.invoke0(Native Method)
	at sun.reflect.NativeMethodAccessorImpl.invoke(NativeMethodAccessorImpl.java:62)
	at sun.reflect.DelegatingMethodAccessorImpl.invoke(DelegatingMethodAccessorImpl.java:43)
	at java.lang.reflect.Method.invoke(Method.java:497)
	at org.apache.maven.surefire.util.ReflectionUtils.invokeMethodWithArray(ReflectionUtils.java:164)
	at org.apache.maven.surefire.booter.ProviderFactory$ProviderProxy.invoke(ProviderFactory.java:110)
	at org.apache.maven.surefire.booter.SurefireStarter.invokeProvider(SurefireStarter.java:175)
	at org.apache.maven.surefire.booter.SurefireStarter.runSuitesInProcessWhenForked(SurefireStarter.java:107)
	at org.apache.maven.surefire.booter.ForkedBooter.main(ForkedBooter.java:68)
</pre></div></td>
<td>14</td>
<td>views.welcome.WelcomeViewSeleniumTest@4fe767f3</td></tr>
<tr>
<td title='views.welcome.WelcomeViewSeleniumTest.testRegisterButton()'><b>testRegisterButton</b><br>Test class: views.welcome.WelcomeViewSeleniumTest<br>Parameters: Alexandre 1, Zua Caldeira 1, zuacaldeira1@gmail.com, unicidade, unicidade</td>
<td><div><pre>java.lang.AssertionError: expected [http://localhost:8080/vitae/register] but found [http://localhost:8080/vitae/#!Register]
	at views.welcome.WelcomeViewSeleniumTest.testRegisterButton(WelcomeViewSeleniumTest.java:73)
... Removed 39 stack frames</pre></div><a href='#' onClick='toggleBox("stack-trace727197178", this, "Click to show all stack frames", "Click to hide stack frames")'>Click to show all stack frames</a>
<div class='stack-trace' id='stack-trace727197178'><pre>java.lang.AssertionError: expected [http://localhost:8080/vitae/register] but found [http://localhost:8080/vitae/#!Register]
	at org.testng.Assert.fail(Assert.java:94)
	at org.testng.Assert.failNotEquals(Assert.java:494)
	at org.testng.Assert.assertEquals(Assert.java:123)
	at org.testng.Assert.assertEquals(Assert.java:176)
	at org.testng.Assert.assertEquals(Assert.java:186)
	at views.welcome.WelcomeViewSeleniumTest.testRegisterButton(WelcomeViewSeleniumTest.java:73)
	at sun.reflect.NativeMethodAccessorImpl.invoke0(Native Method)
	at sun.reflect.NativeMethodAccessorImpl.invoke(NativeMethodAccessorImpl.java:62)
	at sun.reflect.DelegatingMethodAccessorImpl.invoke(DelegatingMethodAccessorImpl.java:43)
	at java.lang.reflect.Method.invoke(Method.java:497)
	at org.testng.internal.MethodInvocationHelper.invokeMethod(MethodInvocationHelper.java:84)
	at org.testng.internal.Invoker.invokeMethod(Invoker.java:714)
	at org.testng.internal.Invoker.invokeTestMethod(Invoker.java:901)
	at org.testng.internal.Invoker.invokeTestMethods(Invoker.java:1231)
	at org.testng.internal.TestMethodWorker.invokeTestMethods(TestMethodWorker.java:127)
	at org.testng.internal.TestMethodWorker.run(TestMethodWorker.java:111)
	at org.testng.TestRunner.privateRun(TestRunner.java:767)
	at org.testng.TestRunner.run(TestRunner.java:617)
	at org.testng.SuiteRunner.runTest(SuiteRunner.java:334)
	at org.testng.SuiteRunner.runSequentially(SuiteRunner.java:329)
	at org.testng.SuiteRunner.privateRun(SuiteRunner.java:291)
	at org.testng.SuiteRunner.run(SuiteRunner.java:240)
	at org.testng.SuiteRunnerWorker.runSuite(SuiteRunnerWorker.java:52)
	at org.testng.SuiteRunnerWorker.run(SuiteRunnerWorker.java:86)
	at org.testng.TestNG.runSuitesSequentially(TestNG.java:1224)
	at org.testng.TestNG.runSuitesLocally(TestNG.java:1149)
	at org.testng.TestNG.run(TestNG.java:1057)
	at org.apache.maven.surefire.testng.TestNGExecutor.run(TestNGExecutor.java:70)
	at org.apache.maven.surefire.testng.TestNGDirectoryTestSuite.executeMulti(TestNGDirectoryTestSuite.java:158)
	at org.apache.maven.surefire.testng.TestNGDirectoryTestSuite.execute(TestNGDirectoryTestSuite.java:98)
	at org.apache.maven.surefire.testng.TestNGProvider.invoke(TestNGProvider.java:111)
	at sun.reflect.NativeMethodAccessorImpl.invoke0(Native Method)
	at sun.reflect.NativeMethodAccessorImpl.invoke(NativeMethodAccessorImpl.java:62)
	at sun.reflect.DelegatingMethodAccessorImpl.invoke(DelegatingMethodAccessorImpl.java:43)
	at java.lang.reflect.Method.invoke(Method.java:497)
	at org.apache.maven.surefire.util.ReflectionUtils.invokeMethodWithArray(ReflectionUtils.java:164)
	at org.apache.maven.surefire.booter.ProviderFactory$ProviderProxy.invoke(ProviderFactory.java:110)
	at org.apache.maven.surefire.booter.SurefireStarter.invokeProvider(SurefireStarter.java:175)
	at org.apache.maven.surefire.booter.SurefireStarter.runSuitesInProcessWhenForked(SurefireStarter.java:107)
	at org.apache.maven.surefire.booter.ForkedBooter.main(ForkedBooter.java:68)
</pre></div></td>
<td>14</td>
<td>views.welcome.WelcomeViewSeleniumTest@4fe767f3</td></tr>
<tr>
<td title='views.welcome.WelcomeViewSeleniumTest.testRegisterButton()'><b>testRegisterButton</b><br>Test class: views.welcome.WelcomeViewSeleniumTest<br>Parameters: Alexandre 2, Zua Caldeira 2, zuacaldeira2@gmail.com, unicidade, unicidade</td>
<td><div><pre>java.lang.AssertionError: expected [http://localhost:8080/vitae/register] but found [http://localhost:8080/vitae/#!Register]
	at views.welcome.WelcomeViewSeleniumTest.testRegisterButton(WelcomeViewSeleniumTest.java:73)
... Removed 39 stack frames</pre></div><a href='#' onClick='toggleBox("stack-trace1978209605", this, "Click to show all stack frames", "Click to hide stack frames")'>Click to show all stack frames</a>
<div class='stack-trace' id='stack-trace1978209605'><pre>java.lang.AssertionError: expected [http://localhost:8080/vitae/register] but found [http://localhost:8080/vitae/#!Register]
	at org.testng.Assert.fail(Assert.java:94)
	at org.testng.Assert.failNotEquals(Assert.java:494)
	at org.testng.Assert.assertEquals(Assert.java:123)
	at org.testng.Assert.assertEquals(Assert.java:176)
	at org.testng.Assert.assertEquals(Assert.java:186)
	at views.welcome.WelcomeViewSeleniumTest.testRegisterButton(WelcomeViewSeleniumTest.java:73)
	at sun.reflect.NativeMethodAccessorImpl.invoke0(Native Method)
	at sun.reflect.NativeMethodAccessorImpl.invoke(NativeMethodAccessorImpl.java:62)
	at sun.reflect.DelegatingMethodAccessorImpl.invoke(DelegatingMethodAccessorImpl.java:43)
	at java.lang.reflect.Method.invoke(Method.java:497)
	at org.testng.internal.MethodInvocationHelper.invokeMethod(MethodInvocationHelper.java:84)
	at org.testng.internal.Invoker.invokeMethod(Invoker.java:714)
	at org.testng.internal.Invoker.invokeTestMethod(Invoker.java:901)
	at org.testng.internal.Invoker.invokeTestMethods(Invoker.java:1231)
	at org.testng.internal.TestMethodWorker.invokeTestMethods(TestMethodWorker.java:127)
	at org.testng.internal.TestMethodWorker.run(TestMethodWorker.java:111)
	at org.testng.TestRunner.privateRun(TestRunner.java:767)
	at org.testng.TestRunner.run(TestRunner.java:617)
	at org.testng.SuiteRunner.runTest(SuiteRunner.java:334)
	at org.testng.SuiteRunner.runSequentially(SuiteRunner.java:329)
	at org.testng.SuiteRunner.privateRun(SuiteRunner.java:291)
	at org.testng.SuiteRunner.run(SuiteRunner.java:240)
	at org.testng.SuiteRunnerWorker.runSuite(SuiteRunnerWorker.java:52)
	at org.testng.SuiteRunnerWorker.run(SuiteRunnerWorker.java:86)
	at org.testng.TestNG.runSuitesSequentially(TestNG.java:1224)
	at org.testng.TestNG.runSuitesLocally(TestNG.java:1149)
	at org.testng.TestNG.run(TestNG.java:1057)
	at org.apache.maven.surefire.testng.TestNGExecutor.run(TestNGExecutor.java:70)
	at org.apache.maven.surefire.testng.TestNGDirectoryTestSuite.executeMulti(TestNGDirectoryTestSuite.java:158)
	at org.apache.maven.surefire.testng.TestNGDirectoryTestSuite.execute(TestNGDirectoryTestSuite.java:98)
	at org.apache.maven.surefire.testng.TestNGProvider.invoke(TestNGProvider.java:111)
	at sun.reflect.NativeMethodAccessorImpl.invoke0(Native Method)
	at sun.reflect.NativeMethodAccessorImpl.invoke(NativeMethodAccessorImpl.java:62)
	at sun.reflect.DelegatingMethodAccessorImpl.invoke(DelegatingMethodAccessorImpl.java:43)
	at java.lang.reflect.Method.invoke(Method.java:497)
	at org.apache.maven.surefire.util.ReflectionUtils.invokeMethodWithArray(ReflectionUtils.java:164)
	at org.apache.maven.surefire.booter.ProviderFactory$ProviderProxy.invoke(ProviderFactory.java:110)
	at org.apache.maven.surefire.booter.SurefireStarter.invokeProvider(SurefireStarter.java:175)
	at org.apache.maven.surefire.booter.SurefireStarter.runSuitesInProcessWhenForked(SurefireStarter.java:107)
	at org.apache.maven.surefire.booter.ForkedBooter.main(ForkedBooter.java:68)
</pre></div></td>
<td>13</td>
<td>views.welcome.WelcomeViewSeleniumTest@4fe767f3</td></tr>
<tr>
<td title='views.welcome.WelcomeViewSeleniumTest.testRegisterButton()'><b>testRegisterButton</b><br>Test class: views.welcome.WelcomeViewSeleniumTest<br>Parameters: Alexandre 3, Zua Caldeira 3, zuacaldeira3@gmail.com, unicidade, unicidade</td>
<td><div><pre>java.lang.AssertionError: expected [http://localhost:8080/vitae/register] but found [http://localhost:8080/vitae/#!Register]
	at views.welcome.WelcomeViewSeleniumTest.testRegisterButton(WelcomeViewSeleniumTest.java:73)
... Removed 39 stack frames</pre></div><a href='#' onClick='toggleBox("stack-trace609483101", this, "Click to show all stack frames", "Click to hide stack frames")'>Click to show all stack frames</a>
<div class='stack-trace' id='stack-trace609483101'><pre>java.lang.AssertionError: expected [http://localhost:8080/vitae/register] but found [http://localhost:8080/vitae/#!Register]
	at org.testng.Assert.fail(Assert.java:94)
	at org.testng.Assert.failNotEquals(Assert.java:494)
	at org.testng.Assert.assertEquals(Assert.java:123)
	at org.testng.Assert.assertEquals(Assert.java:176)
	at org.testng.Assert.assertEquals(Assert.java:186)
	at views.welcome.WelcomeViewSeleniumTest.testRegisterButton(WelcomeViewSeleniumTest.java:73)
	at sun.reflect.NativeMethodAccessorImpl.invoke0(Native Method)
	at sun.reflect.NativeMethodAccessorImpl.invoke(NativeMethodAccessorImpl.java:62)
	at sun.reflect.DelegatingMethodAccessorImpl.invoke(DelegatingMethodAccessorImpl.java:43)
	at java.lang.reflect.Method.invoke(Method.java:497)
	at org.testng.internal.MethodInvocationHelper.invokeMethod(MethodInvocationHelper.java:84)
	at org.testng.internal.Invoker.invokeMethod(Invoker.java:714)
	at org.testng.internal.Invoker.invokeTestMethod(Invoker.java:901)
	at org.testng.internal.Invoker.invokeTestMethods(Invoker.java:1231)
	at org.testng.internal.TestMethodWorker.invokeTestMethods(TestMethodWorker.java:127)
	at org.testng.internal.TestMethodWorker.run(TestMethodWorker.java:111)
	at org.testng.TestRunner.privateRun(TestRunner.java:767)
	at org.testng.TestRunner.run(TestRunner.java:617)
	at org.testng.SuiteRunner.runTest(SuiteRunner.java:334)
	at org.testng.SuiteRunner.runSequentially(SuiteRunner.java:329)
	at org.testng.SuiteRunner.privateRun(SuiteRunner.java:291)
	at org.testng.SuiteRunner.run(SuiteRunner.java:240)
	at org.testng.SuiteRunnerWorker.runSuite(SuiteRunnerWorker.java:52)
	at org.testng.SuiteRunnerWorker.run(SuiteRunnerWorker.java:86)
	at org.testng.TestNG.runSuitesSequentially(TestNG.java:1224)
	at org.testng.TestNG.runSuitesLocally(TestNG.java:1149)
	at org.testng.TestNG.run(TestNG.java:1057)
	at org.apache.maven.surefire.testng.TestNGExecutor.run(TestNGExecutor.java:70)
	at org.apache.maven.surefire.testng.TestNGDirectoryTestSuite.executeMulti(TestNGDirectoryTestSuite.java:158)
	at org.apache.maven.surefire.testng.TestNGDirectoryTestSuite.execute(TestNGDirectoryTestSuite.java:98)
	at org.apache.maven.surefire.testng.TestNGProvider.invoke(TestNGProvider.java:111)
	at sun.reflect.NativeMethodAccessorImpl.invoke0(Native Method)
	at sun.reflect.NativeMethodAccessorImpl.invoke(NativeMethodAccessorImpl.java:62)
	at sun.reflect.DelegatingMethodAccessorImpl.invoke(DelegatingMethodAccessorImpl.java:43)
	at java.lang.reflect.Method.invoke(Method.java:497)
	at org.apache.maven.surefire.util.ReflectionUtils.invokeMethodWithArray(ReflectionUtils.java:164)
	at org.apache.maven.surefire.booter.ProviderFactory$ProviderProxy.invoke(ProviderFactory.java:110)
	at org.apache.maven.surefire.booter.SurefireStarter.invokeProvider(SurefireStarter.java:175)
	at org.apache.maven.surefire.booter.SurefireStarter.runSuitesInProcessWhenForked(SurefireStarter.java:107)
	at org.apache.maven.surefire.booter.ForkedBooter.main(ForkedBooter.java:68)
</pre></div></td>
<td>12</td>
<td>views.welcome.WelcomeViewSeleniumTest@4fe767f3</td></tr>
</table><p>
<table width='100%' border='1' class='invocation-passed'>
<tr><td colspan='4' align='center'><b>PASSED TESTS</b></td></tr>
<tr><td><b>Test method</b></td>
<td width="30%"><b>Exception</b></td>
<td width="10%"><b>Time (seconds)</b></td>
<td><b>Instance</b></td>
</tr>
<tr>
<td title='views.welcome.WelcomeViewSeleniumTest.testBackgroundExistence()'><b>testBackgroundExistence</b><br>Test class: views.welcome.WelcomeViewSeleniumTest</td>
<td></td>
<td>22</td>
<td>views.welcome.WelcomeViewSeleniumTest@4fe767f3</td></tr>
<tr>
<td title='views.register.RegisterViewUnitTest.testCreateBackground()'><b>testCreateBackground</b><br>Test class: views.register.RegisterViewUnitTest</td>
<td></td>
<td>0</td>
<td>views.register.RegisterViewUnitTest@d706f19</td></tr>
<tr>
<td title='views.welcome.WelcomeViewUnitTest.testCreateBackground()'><b>testCreateBackground</b><br>Test class: views.welcome.WelcomeViewUnitTest</td>
<td></td>
<td>0</td>
<td>views.welcome.WelcomeViewUnitTest@79efed2d</td></tr>
<tr>
<td title='views.register.RegisterViewUnitTest.testCreateContent()'><b>testCreateContent</b><br>Test class: views.register.RegisterViewUnitTest</td>
<td></td>
<td>0</td>
<td>views.register.RegisterViewUnitTest@d706f19</td></tr>
<tr>
<td title='views.welcome.WelcomeViewUnitTest.testCreateContentView()'><b>testCreateContentView</b><br>Test class: views.welcome.WelcomeViewUnitTest</td>
<td></td>
<td>0</td>
<td>views.welcome.WelcomeViewUnitTest@79efed2d</td></tr>
<tr>
<td title='views.register.RegisterViewUnitTest.testCreateMenu()'><b>testCreateMenu</b><br>Test class: views.register.RegisterViewUnitTest</td>
<td></td>
<td>0</td>
<td>views.register.RegisterViewUnitTest@d706f19</td></tr>
<tr>
<td title='views.welcome.WelcomeViewUnitTest.testCreateMenuView()'><b>testCreateMenuView</b><br>Test class: views.welcome.WelcomeViewUnitTest</td>
<td></td>
<td>0</td>
<td>views.welcome.WelcomeViewUnitTest@79efed2d</td></tr>
<tr>
<td title='views.register.RegisterFormUnitNGTest.testDefaultLanguageValueChange()'><b>testDefaultLanguageValueChange</b><br>Test class: views.register.RegisterFormUnitNGTest<br>Parameters: português - pt, Alexandre 1, Zua Caldeira 1, zuacaldeira1@gmail.com, unicidade, unicidade, Sun Jan 20 12:59:12 CET 1974</td>
<td></td>
<td>0</td>
<td>views.register.RegisterFormUnitNGTest@65d6b83b</td></tr>
<tr>
<td title='views.register.RegisterFormUnitNGTest.testDefaultLanguageValueChange()'><b>testDefaultLanguageValueChange</b><br>Test class: views.register.RegisterFormUnitNGTest<br>Parameters: english - en, Alexandre 2, Zua Caldeira 2, zuacaldeira2@gmail.com, unicidade, unicidade, Sun Jan 20 12:59:12 CET 1974</td>
<td></td>
<td>0</td>
<td>views.register.RegisterFormUnitNGTest@65d6b83b</td></tr>
<tr>
<td title='views.register.RegisterFormUnitNGTest.testDefaultLanguageValueChange()'><b>testDefaultLanguageValueChange</b><br>Test class: views.register.RegisterFormUnitNGTest<br>Parameters: deutsch - de, Alexandre 3, Zua Caldeira 3, zuacaldeira3@gmail.com, unicidade, unicidade, Sun Jan 20 12:59:12 CET 1974</td>
<td></td>
<td>0</td>
<td>views.register.RegisterFormUnitNGTest@65d6b83b</td></tr>
<tr>
<td title='views.register.RegisterFormUnitNGTest.testFormAfterCreation()'><b>testFormAfterCreation</b><br>Test class: views.register.RegisterFormUnitNGTest</td>
<td></td>
<td>0</td>
<td>views.register.RegisterFormUnitNGTest@65d6b83b</td></tr>
<tr>
<td title='unit.views.LifetimeViewNGTest.testGetBackground()'><b>testGetBackground</b><br>Test class: unit.views.LifetimeViewNGTest</td>
<td></td>
<td>0</td>
<td>unit.views.LifetimeViewNGTest@30b7c004</td></tr>
<tr>
<td title='views.register.RegisterFormUnitNGTest.testGetBirthDate()'><b>testGetBirthDate</b><br>Test class: views.register.RegisterFormUnitNGTest<br>Parameters: português - pt, Alexandre 1, Zua Caldeira 1, zuacaldeira1@gmail.com, unicidade, unicidade, Sun Jan 20 12:59:12 CET 1974</td>
<td></td>
<td>0</td>
<td>views.register.RegisterFormUnitNGTest@65d6b83b</td></tr>
<tr>
<td title='views.register.RegisterFormUnitNGTest.testGetBirthDate()'><b>testGetBirthDate</b><br>Test class: views.register.RegisterFormUnitNGTest<br>Parameters: english - en, Alexandre 2, Zua Caldeira 2, zuacaldeira2@gmail.com, unicidade, unicidade, Sun Jan 20 12:59:12 CET 1974</td>
<td></td>
<td>0</td>
<td>views.register.RegisterFormUnitNGTest@65d6b83b</td></tr>
<tr>
<td title='views.register.RegisterFormUnitNGTest.testGetBirthDate()'><b>testGetBirthDate</b><br>Test class: views.register.RegisterFormUnitNGTest<br>Parameters: deutsch - de, Alexandre 3, Zua Caldeira 3, zuacaldeira3@gmail.com, unicidade, unicidade, Sun Jan 20 12:59:12 CET 1974</td>
<td></td>
<td>0</td>
<td>views.register.RegisterFormUnitNGTest@65d6b83b</td></tr>
<tr>
<td title='views.welcome.WelcomeMenuUnitTest.testGetContactButton()'><b>testGetContactButton</b><br>Test class: views.welcome.WelcomeMenuUnitTest</td>
<td></td>
<td>0</td>
<td>views.welcome.WelcomeMenuUnitTest@2928854b</td></tr>
<tr>
<td title='unit.views.LifetimeViewNGTest.testGetContent()'><b>testGetContent</b><br>Test class: unit.views.LifetimeViewNGTest</td>
<td></td>
<td>0</td>
<td>unit.views.LifetimeViewNGTest@30b7c004</td></tr>
<tr>
<td title='views.register.RegisterViewUnitTest.testGetContent()'><b>testGetContent</b><br>Test class: views.register.RegisterViewUnitTest</td>
<td></td>
<td>0</td>
<td>views.register.RegisterViewUnitTest@d706f19</td></tr>
<tr>
<td title='views.register.RegisterFormUnitNGTest.testGetDefaultLanguage()'><b>testGetDefaultLanguage</b><br>Test class: views.register.RegisterFormUnitNGTest<br>Parameters: português - pt, Alexandre 1, Zua Caldeira 1, zuacaldeira1@gmail.com, unicidade, unicidade, Sun Jan 20 12:59:12 CET 1974</td>
<td></td>
<td>0</td>
<td>views.register.RegisterFormUnitNGTest@65d6b83b</td></tr>
<tr>
<td title='views.register.RegisterFormUnitNGTest.testGetDefaultLanguage()'><b>testGetDefaultLanguage</b><br>Test class: views.register.RegisterFormUnitNGTest<br>Parameters: english - en, Alexandre 2, Zua Caldeira 2, zuacaldeira2@gmail.com, unicidade, unicidade, Sun Jan 20 12:59:12 CET 1974</td>
<td></td>
<td>0</td>
<td>views.register.RegisterFormUnitNGTest@65d6b83b</td></tr>
<tr>
<td title='views.register.RegisterFormUnitNGTest.testGetDefaultLanguage()'><b>testGetDefaultLanguage</b><br>Test class: views.register.RegisterFormUnitNGTest<br>Parameters: deutsch - de, Alexandre 3, Zua Caldeira 3, zuacaldeira3@gmail.com, unicidade, unicidade, Sun Jan 20 12:59:12 CET 1974</td>
<td></td>
<td>0</td>
<td>views.register.RegisterFormUnitNGTest@65d6b83b</td></tr>
<tr>
<td title='views.register.RegisterFormUnitNGTest.testGetEmail()'><b>testGetEmail</b><br>Test class: views.register.RegisterFormUnitNGTest<br>Parameters: português - pt, Alexandre 1, Zua Caldeira 1, zuacaldeira1@gmail.com, unicidade, unicidade, Sun Jan 20 12:59:13 CET 1974</td>
<td></td>
<td>0</td>
<td>views.register.RegisterFormUnitNGTest@65d6b83b</td></tr>
<tr>
<td title='views.register.RegisterFormUnitNGTest.testGetEmail()'><b>testGetEmail</b><br>Test class: views.register.RegisterFormUnitNGTest<br>Parameters: english - en, Alexandre 2, Zua Caldeira 2, zuacaldeira2@gmail.com, unicidade, unicidade, Sun Jan 20 12:59:13 CET 1974</td>
<td></td>
<td>0</td>
<td>views.register.RegisterFormUnitNGTest@65d6b83b</td></tr>
<tr>
<td title='views.register.RegisterFormUnitNGTest.testGetEmail()'><b>testGetEmail</b><br>Test class: views.register.RegisterFormUnitNGTest<br>Parameters: deutsch - de, Alexandre 3, Zua Caldeira 3, zuacaldeira3@gmail.com, unicidade, unicidade, Sun Jan 20 12:59:13 CET 1974</td>
<td></td>
<td>0</td>
<td>views.register.RegisterFormUnitNGTest@65d6b83b</td></tr>
<tr>
<td title='views.register.RegisterFormUnitNGTest.testGetFirstname()'><b>testGetFirstname</b><br>Test class: views.register.RegisterFormUnitNGTest<br>Parameters: português - pt, Alexandre 1, Zua Caldeira 1, zuacaldeira1@gmail.com, unicidade, unicidade, Sun Jan 20 12:59:13 CET 1974</td>
<td></td>
<td>0</td>
<td>views.register.RegisterFormUnitNGTest@65d6b83b</td></tr>
<tr>
<td title='views.register.RegisterFormUnitNGTest.testGetFirstname()'><b>testGetFirstname</b><br>Test class: views.register.RegisterFormUnitNGTest<br>Parameters: english - en, Alexandre 2, Zua Caldeira 2, zuacaldeira2@gmail.com, unicidade, unicidade, Sun Jan 20 12:59:13 CET 1974</td>
<td></td>
<td>0</td>
<td>views.register.RegisterFormUnitNGTest@65d6b83b</td></tr>
<tr>
<td title='views.register.RegisterFormUnitNGTest.testGetFirstname()'><b>testGetFirstname</b><br>Test class: views.register.RegisterFormUnitNGTest<br>Parameters: deutsch - de, Alexandre 3, Zua Caldeira 3, zuacaldeira3@gmail.com, unicidade, unicidade, Sun Jan 20 12:59:13 CET 1974</td>
<td></td>
<td>0</td>
<td>views.register.RegisterFormUnitNGTest@65d6b83b</td></tr>
<tr>
<td title='views.welcome.WelcomeMenuUnitTest.testGetHomeButton()'><b>testGetHomeButton</b><br>Test class: views.welcome.WelcomeMenuUnitTest</td>
<td></td>
<td>0</td>
<td>views.welcome.WelcomeMenuUnitTest@2928854b</td></tr>
<tr>
<td title='unit.views.LifetimeViewNGTest.testGetLanguage()'><b>testGetLanguage</b><br>Test class: unit.views.LifetimeViewNGTest</td>
<td></td>
<td>0</td>
<td>unit.views.LifetimeViewNGTest@30b7c004</td></tr>
<tr>
<td title='views.register.RegisterFormUnitNGTest.testGetLastname()'><b>testGetLastname</b><br>Test class: views.register.RegisterFormUnitNGTest<br>Parameters: português - pt, Alexandre 1, Zua Caldeira 1, zuacaldeira1@gmail.com, unicidade, unicidade, Sun Jan 20 12:59:13 CET 1974</td>
<td></td>
<td>0</td>
<td>views.register.RegisterFormUnitNGTest@65d6b83b</td></tr>
<tr>
<td title='views.register.RegisterFormUnitNGTest.testGetLastname()'><b>testGetLastname</b><br>Test class: views.register.RegisterFormUnitNGTest<br>Parameters: english - en, Alexandre 2, Zua Caldeira 2, zuacaldeira2@gmail.com, unicidade, unicidade, Sun Jan 20 12:59:13 CET 1974</td>
<td></td>
<td>0</td>
<td>views.register.RegisterFormUnitNGTest@65d6b83b</td></tr>
<tr>
<td title='views.register.RegisterFormUnitNGTest.testGetLastname()'><b>testGetLastname</b><br>Test class: views.register.RegisterFormUnitNGTest<br>Parameters: deutsch - de, Alexandre 3, Zua Caldeira 3, zuacaldeira3@gmail.com, unicidade, unicidade, Sun Jan 20 12:59:13 CET 1974</td>
<td></td>
<td>0</td>
<td>views.register.RegisterFormUnitNGTest@65d6b83b</td></tr>
<tr>
<td title='views.welcome.WelcomeMenuUnitTest.testGetLoginButton()'><b>testGetLoginButton</b><br>Test class: views.welcome.WelcomeMenuUnitTest</td>
<td></td>
<td>0</td>
<td>views.welcome.WelcomeMenuUnitTest@2928854b</td></tr>
<tr>
<td title='unit.views.LifetimeViewNGTest.testGetMenu()'><b>testGetMenu</b><br>Test class: unit.views.LifetimeViewNGTest</td>
<td></td>
<td>0</td>
<td>unit.views.LifetimeViewNGTest@30b7c004</td></tr>
<tr>
<td title='views.register.RegisterFormUnitNGTest.testGetPassword()'><b>testGetPassword</b><br>Test class: views.register.RegisterFormUnitNGTest<br>Parameters: português - pt, Alexandre 1, Zua Caldeira 1, zuacaldeira1@gmail.com, unicidade, unicidade, Sun Jan 20 12:59:13 CET 1974</td>
<td></td>
<td>0</td>
<td>views.register.RegisterFormUnitNGTest@65d6b83b</td></tr>
<tr>
<td title='views.register.RegisterFormUnitNGTest.testGetPassword()'><b>testGetPassword</b><br>Test class: views.register.RegisterFormUnitNGTest<br>Parameters: english - en, Alexandre 2, Zua Caldeira 2, zuacaldeira2@gmail.com, unicidade, unicidade, Sun Jan 20 12:59:13 CET 1974</td>
<td></td>
<td>0</td>
<td>views.register.RegisterFormUnitNGTest@65d6b83b</td></tr>
<tr>
<td title='views.register.RegisterFormUnitNGTest.testGetPassword()'><b>testGetPassword</b><br>Test class: views.register.RegisterFormUnitNGTest<br>Parameters: deutsch - de, Alexandre 3, Zua Caldeira 3, zuacaldeira3@gmail.com, unicidade, unicidade, Sun Jan 20 12:59:13 CET 1974</td>
<td></td>
<td>0</td>
<td>views.register.RegisterFormUnitNGTest@65d6b83b</td></tr>
<tr>
<td title='views.register.RegisterFormUnitNGTest.testGetPasswordRepeat()'><b>testGetPasswordRepeat</b><br>Test class: views.register.RegisterFormUnitNGTest<br>Parameters: português - pt, Alexandre 1, Zua Caldeira 1, zuacaldeira1@gmail.com, unicidade, unicidade, Sun Jan 20 12:59:13 CET 1974</td>
<td></td>
<td>0</td>
<td>views.register.RegisterFormUnitNGTest@65d6b83b</td></tr>
<tr>
<td title='views.register.RegisterFormUnitNGTest.testGetPasswordRepeat()'><b>testGetPasswordRepeat</b><br>Test class: views.register.RegisterFormUnitNGTest<br>Parameters: english - en, Alexandre 2, Zua Caldeira 2, zuacaldeira2@gmail.com, unicidade, unicidade, Sun Jan 20 12:59:13 CET 1974</td>
<td></td>
<td>0</td>
<td>views.register.RegisterFormUnitNGTest@65d6b83b</td></tr>
<tr>
<td title='views.register.RegisterFormUnitNGTest.testGetPasswordRepeat()'><b>testGetPasswordRepeat</b><br>Test class: views.register.RegisterFormUnitNGTest<br>Parameters: deutsch - de, Alexandre 3, Zua Caldeira 3, zuacaldeira3@gmail.com, unicidade, unicidade, Sun Jan 20 12:59:13 CET 1974</td>
<td></td>
<td>0</td>
<td>views.register.RegisterFormUnitNGTest@65d6b83b</td></tr>
<tr>
<td title='views.welcome.WelcomeMenuUnitTest.testGetRegisterButton()'><b>testGetRegisterButton</b><br>Test class: views.welcome.WelcomeMenuUnitTest</td>
<td></td>
<td>0</td>
<td>views.welcome.WelcomeMenuUnitTest@2928854b</td></tr>
<tr>
<td title='views.welcome.WelcomeViewSeleniumTest.testLoginButton()'><b>testLoginButton</b><br>Test class: views.welcome.WelcomeViewSeleniumTest<br>Parameters: zuacaldeira1@gmail.com, unicidade</td>
<td></td>
<td>78</td>
<td>views.welcome.WelcomeViewSeleniumTest@4fe767f3</td></tr>
<tr>
<td title='views.register.RegisterContentUnitTest.testSomeMethod()'><b>testSomeMethod</b><br>Test class: views.register.RegisterContentUnitTest</td>
<td></td>
<td>0</td>
<td>views.register.RegisterContentUnitTest@27ae2fd0</td></tr>
</table><p>
</body>
</html>